2024-11-08 14:30:33 INFO  LoginTest:16 - ** Starting Execution of Login Test **
2024-11-08 14:30:34 INFO  LoginTest:20 - ** Navigating to Login Page **
2024-11-08 14:30:35 INFO  LoginTest:24 - ** Provide Login Details **
2024-11-08 14:30:36 INFO  LoginTest:30 - ** Verifying Login Success **
2024-11-08 14:30:37 INFO  LoginTest:48 - ** Completed Execution of Login Test **
2024-11-08 14:30:42 INFO  SearchTest:17 - ** Starting Execution Of Search Test **
2024-11-08 14:30:42 INFO  SearchTest:22 - ** From The Home Page **
2024-11-08 14:30:42 INFO  SearchTest:24 - ** Enter Search Text **
2024-11-08 14:30:42 INFO  SearchTest:26 - ** Click On Search Icon **
2024-11-08 14:30:43 INFO  SearchTest:29 - ** Navigating To Search Page **
2024-11-08 14:30:44 INFO  SearchTest:32 - ** Verify Search Value Displayed **
2024-11-08 14:30:44 INFO  SearchTest:34 - ** Verify Search Value Results **
2024-11-08 14:30:44 INFO  SearchTest:36 - ** Verify Products meeting the search criteria are displayed **
2024-11-08 14:30:44 INFO  SearchTest:38 - ** Verify Navigation to Product Page **
2024-11-08 14:30:46 INFO  SearchTest:41 - ** Completed Execution of Search Test**
2024-11-08 14:30:46 INFO  SearchTest:47 - ** Starting Execution Of Search_ChangeCategory Test **
2024-11-08 14:30:46 INFO  SearchTest:52 - ** Enter Search Text **
2024-11-08 14:30:46 INFO  SearchTest:54 - ** Click On Search Icon **
2024-11-08 14:30:47 INFO  SearchTest:57 - ** Navigating To Search Page **
2024-11-08 14:30:47 INFO  SearchTest:62 - ** Select Category **
2024-11-08 14:30:48 INFO  SearchTest:69 - ** Verify Products meeting the search criteria are displayed **
2024-11-08 14:30:48 INFO  SearchTest:74 - ** Completed Execution Of Search_ChangeCategory Test **
2024-11-08 14:30:48 INFO  SearchTest:81 - ** Starting Execution Of Search With Filter Test **
2024-11-08 14:30:48 INFO  SearchTest:83 - ** Navigating To Search Page **
2024-11-08 14:30:49 INFO  SearchTest:85 - ** Select Sortby Value **
2024-11-08 14:30:50 INFO  SearchTest:87 - ** Verify Sortby Value Selected **
2024-11-08 14:30:50 INFO  SearchTest:90 - ** Select Show Dropdown Value **
2024-11-08 14:30:50 INFO  SearchTest:94 - ** Verify Show Dropdown Value **
2024-11-08 14:30:50 INFO  SearchTest:97 - ** Completed Execution Of Search With Filter Test **
2024-11-08 14:30:55 INFO  InvalidString_SearchTest:49 - ** Starting Execution of Search with Empty String Test **
2024-11-08 14:30:55 INFO  InvalidString_SearchTest:54 - ** From The Home Page **
2024-11-08 14:30:55 INFO  InvalidString_SearchTest:56 - ** Enter Search text **
2024-11-08 14:30:55 INFO  InvalidString_SearchTest:58 - ** Click on Search icon **
2024-11-08 14:30:56 INFO  InvalidString_SearchTest:61 - ** Navigating to Search Page **
2024-11-08 14:30:56 INFO  InvalidString_SearchTest:64 - ** Verify Search value displayed **
2024-11-08 14:30:56 INFO  InvalidString_SearchTest:69 - ** Verify Search value results  with Empty Search String **
2024-11-08 14:30:56 INFO  InvalidString_SearchTest:72 - ** Verify Text - No Product Match is displayed **
2024-11-08 14:30:56 INFO  InvalidString_SearchTest:75 - ** Completed Execution of Search with Empty String Test**
2024-11-08 14:30:56 INFO  InvalidString_SearchTest:18 - ** Starting Execution of Search with Invalid String Test **
2024-11-08 14:30:56 INFO  InvalidString_SearchTest:23 - ** From The Home Page **
2024-11-08 14:30:56 INFO  InvalidString_SearchTest:25 - ** Enter Search text **
2024-11-08 14:30:56 INFO  InvalidString_SearchTest:27 - ** Click on Search icon **
2024-11-08 14:30:57 INFO  InvalidString_SearchTest:30 - ** Navigating to Search Page **
2024-11-08 14:30:57 INFO  InvalidString_SearchTest:33 - ** Verify Search value displayed **
2024-11-08 14:30:57 INFO  InvalidString_SearchTest:37 - ** Verify Search value results  with Invalid Search String **
2024-11-08 14:30:57 INFO  InvalidString_SearchTest:40 - ** Verify Text - No Product Match is displayed **
2024-11-08 14:30:57 INFO  InvalidString_SearchTest:43 - ** Completed Execution of Search with Invalid String Test**
2024-11-08 14:31:02 INFO  AccountRegistrationTest:15 - ** Starting Exection of AccountRegistration Test **
2024-11-08 14:31:02 INFO  AccountRegistrationTest:20 - ** Navigating to Account Registration Page **
2024-11-08 14:31:03 INFO  AccountRegistrationTest:24 - ** Providing Customer Details **
2024-11-08 14:31:04 INFO  AccountRegistrationTest:29 - ** Password Setup **
2024-11-08 14:31:05 INFO  AccountRegistrationTest:36 - ** Account Registration Complete **
2024-11-08 14:31:05 INFO  AccountRegistrationTest:37 - ** Registration Confirmation Message Check **
2024-11-08 14:31:06 INFO  AccountRegistrationTest:40 - ** After Registration continue to Login Page **
2024-11-08 14:31:06 INFO  AccountRegistrationTest:56 - ** Completed Execution of AccountRegistration Test **
2024-11-08 14:31:11 INFO  AccountPg_HeaderAndLink_TxtTest:17 - ** Login to Web Application **
2024-11-08 14:31:12 INFO  AccountPg_HeaderAndLink_TxtTest:26 - ** Provide Login Details **
2024-11-08 14:31:14 INFO  AccountPg_HeaderAndLink_TxtTest:35 - ** Verifying Login Success **
2024-11-08 14:31:14 INFO  AccountPg_HeaderAndLink_TxtTest:54 - ** Login successful **
2024-11-08 14:31:14 INFO  AccountPg_HeaderAndLink_TxtTest:19 - ** Starting Execution of Account Page Header & Link_Text Elements Test **
2024-11-08 14:31:14 INFO  AccountPg_HeaderAndLink_TxtTest:35 - ** Verify Text-My Account Is Present **
2024-11-08 14:31:14 INFO  AccountPg_HeaderAndLink_TxtTest:37 - ** Verify Text-My Orders Is Present **
2024-11-08 14:31:14 INFO  AccountPg_HeaderAndLink_TxtTest:39 - ** Verify Text-My Affiliate Account Is Present **
2024-11-08 14:31:14 INFO  AccountPg_HeaderAndLink_TxtTest:41 - ** Verify Text-Newsletter Is Present **
2024-11-08 14:31:15 INFO  AccountPg_HeaderAndLink_TxtTest:44 - ***** Verifying Link Texts Under Header-My Account ****
2024-11-08 14:31:15 INFO  AccountPg_HeaderAndLink_TxtTest:45 - ** Verify Text-Edit your account information Is Present **
2024-11-08 14:31:15 INFO  AccountPg_HeaderAndLink_TxtTest:47 - ** Verify Text-Change your password Is Present **
2024-11-08 14:31:15 INFO  AccountPg_HeaderAndLink_TxtTest:49 - ** Verify Text-Modify your address book entries Is Present **
2024-11-08 14:31:15 INFO  AccountPg_HeaderAndLink_TxtTest:51 - ** Verify Text-Modify your wish list Is Present **
2024-11-08 14:31:15 INFO  AccountPg_HeaderAndLink_TxtTest:54 - ***** Verifying Link Texts Under Header-My Orders *****
2024-11-08 14:31:15 INFO  AccountPg_HeaderAndLink_TxtTest:55 - ** Verify Text-View your order history Is Present **
2024-11-08 14:31:15 INFO  AccountPg_HeaderAndLink_TxtTest:57 - ** Verify Text-Downloads Is Present **
2024-11-08 14:31:15 INFO  AccountPg_HeaderAndLink_TxtTest:59 - ** Verify Text-Your Reward Points Is Present **
2024-11-08 14:31:15 INFO  AccountPg_HeaderAndLink_TxtTest:61 - ** Verify Text-View your return requests Is Present **
2024-11-08 14:31:15 INFO  AccountPg_HeaderAndLink_TxtTest:63 - ** Verify Text-Your Transactions Is Present **
2024-11-08 14:31:15 INFO  AccountPg_HeaderAndLink_TxtTest:65 - ** Verify Text-Recurring payments Is Present **
2024-11-08 14:31:15 INFO  AccountPg_HeaderAndLink_TxtTest:68 - ***** Verifying Link Texts Under Header-My Affiliate Account *****
2024-11-08 14:31:15 INFO  AccountPg_HeaderAndLink_TxtTest:69 - ** Verify Text-Register for an affiliate account Is Present **
2024-11-08 14:31:15 INFO  AccountPg_HeaderAndLink_TxtTest:72 - ****** Verifying Link Texts Under Header-Newsletter ******
2024-11-08 14:31:15 INFO  AccountPg_HeaderAndLink_TxtTest:73 - ** Verify Text-Subscribe/Unsubscribe to newsletter Is Present **
2024-11-08 14:31:15 INFO  AccountPg_HeaderAndLink_TxtTest:77 - ** Completed Execution of Account Page Header & Link_Text Elements Test **
2024-11-08 14:34:24 INFO  SearchTest:17 - ** Starting Execution Of Search Test **
2024-11-08 14:34:24 INFO  SearchTest:22 - ** From The Home Page **
2024-11-08 14:34:24 INFO  SearchTest:24 - ** Enter Search Text **
2024-11-08 14:34:24 INFO  SearchTest:26 - ** Click On Search Icon **
2024-11-08 14:34:25 INFO  SearchTest:29 - ** Navigating To Search Page **
2024-11-08 14:34:26 INFO  SearchTest:32 - ** Verify Search Value Displayed **
2024-11-08 14:34:26 INFO  SearchTest:34 - ** Verify Search Value Results **
2024-11-08 14:34:26 INFO  SearchTest:36 - ** Verify Products meeting the search criteria are displayed **
2024-11-08 14:34:26 INFO  SearchTest:38 - ** Verify Navigation to Product Page **
2024-11-08 14:34:28 INFO  SearchTest:41 - ** Completed Execution of Search Test**
2024-11-08 14:34:28 INFO  SearchTest:47 - ** Starting Execution Of Search_ChangeCategory Test **
2024-11-08 14:34:28 INFO  SearchTest:52 - ** Enter Search Text **
2024-11-08 14:34:28 INFO  SearchTest:54 - ** Click On Search Icon **
2024-11-08 14:34:28 INFO  SearchTest:57 - ** Navigating To Search Page **
2024-11-08 14:34:29 INFO  SearchTest:62 - ** Select Category **
2024-11-08 14:34:30 INFO  SearchTest:69 - ** Verify Products meeting the search criteria are displayed **
2024-11-08 14:34:30 INFO  SearchTest:74 - ** Completed Execution Of Search_ChangeCategory Test **
2024-11-08 14:34:30 INFO  SearchTest:81 - ** Starting Execution Of Search With Filter Test **
2024-11-08 14:34:30 INFO  SearchTest:83 - ** Navigating To Search Page **
2024-11-08 14:34:30 INFO  SearchTest:85 - ** Select Sortby Value **
2024-11-08 14:34:31 INFO  SearchTest:87 - ** Verify Sortby Value Selected **
2024-11-08 14:34:31 INFO  SearchTest:90 - ** Select Show Dropdown Value **
2024-11-08 14:34:32 INFO  SearchTest:94 - ** Verify Show Dropdown Value **
2024-11-08 14:34:32 INFO  SearchTest:97 - ** Completed Execution Of Search With Filter Test **
2024-11-08 15:12:55 INFO  LoginTest:16 - ** Starting Execution of Login Test **
2024-11-08 15:12:56 INFO  LoginTest:20 - ** Navigating to Login Page **
2024-11-08 15:12:56 INFO  LoginTest:24 - ** Provide Login Details **
2024-11-08 15:12:58 INFO  LoginTest:30 - ** Verifying Login Success **
2024-11-08 15:12:59 INFO  LoginTest:48 - ** Completed Execution of Login Test **
2024-11-08 15:13:03 INFO  SearchTest:17 - ** Starting Execution Of Search Test **
2024-11-08 15:13:03 INFO  SearchTest:22 - ** From The Home Page **
2024-11-08 15:13:03 INFO  SearchTest:24 - ** Enter Search Text **
2024-11-08 15:13:03 INFO  SearchTest:26 - ** Click On Search Icon **
2024-11-08 15:13:04 INFO  SearchTest:29 - ** Navigating To Search Page **
2024-11-08 15:13:05 INFO  SearchTest:32 - ** Verify Search Value Displayed **
2024-11-08 15:13:05 INFO  SearchTest:34 - ** Verify Search Value Results **
2024-11-08 15:13:05 INFO  SearchTest:36 - ** Verify Products meeting the search criteria are displayed **
2024-11-08 15:13:05 INFO  SearchTest:38 - ** Verify Navigation to Product Page **
2024-11-08 15:13:06 INFO  SearchTest:41 - ** Completed Execution of Search Test**
2024-11-08 15:13:06 INFO  SearchTest:47 - ** Starting Execution Of Search_ChangeCategory Test **
2024-11-08 15:13:06 INFO  SearchTest:52 - ** Enter Search Text **
2024-11-08 15:13:07 INFO  SearchTest:54 - ** Click On Search Icon **
2024-11-08 15:13:07 INFO  SearchTest:57 - ** Navigating To Search Page **
2024-11-08 15:13:08 INFO  SearchTest:62 - ** Select Category **
2024-11-08 15:13:09 INFO  SearchTest:69 - ** Verify Products meeting the search criteria are displayed **
2024-11-08 15:13:09 INFO  SearchTest:74 - ** Completed Execution Of Search_ChangeCategory Test **
2024-11-08 15:13:09 INFO  SearchTest:81 - ** Starting Execution Of Search With Filter Test **
2024-11-08 15:13:09 INFO  SearchTest:83 - ** Navigating To Search Page **
2024-11-08 15:13:09 INFO  SearchTest:85 - ** Select Sortby Value **
2024-11-08 15:13:10 INFO  SearchTest:87 - ** Verify Sortby Value Selected **
2024-11-08 15:13:10 INFO  SearchTest:90 - ** Select Show Dropdown Value **
2024-11-08 15:13:11 INFO  SearchTest:94 - ** Verify Show Dropdown Value **
2024-11-08 15:13:12 INFO  SearchTest:97 - ** Completed Execution Of Search With Filter Test **
2024-11-08 15:13:16 INFO  InvalidString_SearchTest:49 - ** Starting Execution of Search with Empty String Test **
2024-11-08 15:13:16 INFO  InvalidString_SearchTest:54 - ** From The Home Page **
2024-11-08 15:13:16 INFO  InvalidString_SearchTest:56 - ** Enter Search text **
2024-11-08 15:13:16 INFO  InvalidString_SearchTest:58 - ** Click on Search icon **
2024-11-08 15:13:17 INFO  InvalidString_SearchTest:61 - ** Navigating to Search Page **
2024-11-08 15:13:17 INFO  InvalidString_SearchTest:64 - ** Verify Search value displayed **
2024-11-08 15:13:17 INFO  InvalidString_SearchTest:69 - ** Verify Search value results  with Empty Search String **
2024-11-08 15:13:17 INFO  InvalidString_SearchTest:72 - ** Verify Text - No Product Match is displayed **
2024-11-08 15:13:17 INFO  InvalidString_SearchTest:75 - ** Completed Execution of Search with Empty String Test**
2024-11-08 15:13:17 INFO  InvalidString_SearchTest:18 - ** Starting Execution of Search with Invalid String Test **
2024-11-08 15:13:17 INFO  InvalidString_SearchTest:23 - ** From The Home Page **
2024-11-08 15:13:17 INFO  InvalidString_SearchTest:25 - ** Enter Search text **
2024-11-08 15:13:17 INFO  InvalidString_SearchTest:27 - ** Click on Search icon **
2024-11-08 15:13:18 INFO  InvalidString_SearchTest:30 - ** Navigating to Search Page **
2024-11-08 15:13:18 INFO  InvalidString_SearchTest:33 - ** Verify Search value displayed **
2024-11-08 15:13:18 INFO  InvalidString_SearchTest:37 - ** Verify Search value results  with Invalid Search String **
2024-11-08 15:13:18 INFO  InvalidString_SearchTest:40 - ** Verify Text - No Product Match is displayed **
2024-11-08 15:13:18 INFO  InvalidString_SearchTest:43 - ** Completed Execution of Search with Invalid String Test**
2024-11-08 15:13:22 INFO  AccountRegistrationTest:15 - ** Starting Exection of AccountRegistration Test **
2024-11-08 15:13:22 INFO  AccountRegistrationTest:20 - ** Navigating to Account Registration Page **
2024-11-08 15:13:24 INFO  AccountRegistrationTest:24 - ** Providing Customer Details **
2024-11-08 15:13:24 INFO  AccountRegistrationTest:29 - ** Password Setup **
2024-11-08 15:13:26 INFO  AccountRegistrationTest:36 - ** Account Registration Complete **
2024-11-08 15:13:26 INFO  AccountRegistrationTest:37 - ** Registration Confirmation Message Check **
2024-11-08 15:13:27 INFO  AccountRegistrationTest:40 - ** After Registration continue to Login Page **
2024-11-08 15:13:27 INFO  AccountRegistrationTest:56 - ** Completed Execution of AccountRegistration Test **
2024-11-08 15:13:31 INFO  AccountPg_HeaderAndLink_TxtTest:17 - ** Login to Web Application **
2024-11-08 15:13:32 INFO  AccountPg_HeaderAndLink_TxtTest:26 - ** Provide Login Details **
2024-11-08 15:13:33 INFO  AccountPg_HeaderAndLink_TxtTest:35 - ** Verifying Login Success **
2024-11-08 15:13:33 INFO  AccountPg_HeaderAndLink_TxtTest:54 - ** Login successful **
2024-11-08 15:13:33 INFO  AccountPg_HeaderAndLink_TxtTest:19 - ** Starting Execution of Account Page Header & Link_Text Elements Test **
2024-11-08 15:13:33 INFO  AccountPg_HeaderAndLink_TxtTest:35 - ** Verify Text-My Account Is Present **
2024-11-08 15:13:33 INFO  AccountPg_HeaderAndLink_TxtTest:37 - ** Verify Text-My Orders Is Present **
2024-11-08 15:13:33 INFO  AccountPg_HeaderAndLink_TxtTest:39 - ** Verify Text-My Affiliate Account Is Present **
2024-11-08 15:13:33 INFO  AccountPg_HeaderAndLink_TxtTest:41 - ** Verify Text-Newsletter Is Present **
2024-11-08 15:13:33 INFO  AccountPg_HeaderAndLink_TxtTest:44 - ***** Verifying Link Texts Under Header-My Account ****
2024-11-08 15:13:33 INFO  AccountPg_HeaderAndLink_TxtTest:45 - ** Verify Text-Edit your account information Is Present **
2024-11-08 15:13:34 INFO  AccountPg_HeaderAndLink_TxtTest:47 - ** Verify Text-Change your password Is Present **
2024-11-08 15:13:34 INFO  AccountPg_HeaderAndLink_TxtTest:49 - ** Verify Text-Modify your address book entries Is Present **
2024-11-08 15:13:34 INFO  AccountPg_HeaderAndLink_TxtTest:51 - ** Verify Text-Modify your wish list Is Present **
2024-11-08 15:13:34 INFO  AccountPg_HeaderAndLink_TxtTest:54 - ***** Verifying Link Texts Under Header-My Orders *****
2024-11-08 15:13:34 INFO  AccountPg_HeaderAndLink_TxtTest:55 - ** Verify Text-View your order history Is Present **
2024-11-08 15:13:34 INFO  AccountPg_HeaderAndLink_TxtTest:57 - ** Verify Text-Downloads Is Present **
2024-11-08 15:13:34 INFO  AccountPg_HeaderAndLink_TxtTest:59 - ** Verify Text-Your Reward Points Is Present **
2024-11-08 15:13:34 INFO  AccountPg_HeaderAndLink_TxtTest:61 - ** Verify Text-View your return requests Is Present **
2024-11-08 15:13:34 INFO  AccountPg_HeaderAndLink_TxtTest:63 - ** Verify Text-Your Transactions Is Present **
2024-11-08 15:13:34 INFO  AccountPg_HeaderAndLink_TxtTest:65 - ** Verify Text-Recurring payments Is Present **
2024-11-08 15:13:34 INFO  AccountPg_HeaderAndLink_TxtTest:68 - ***** Verifying Link Texts Under Header-My Affiliate Account *****
2024-11-08 15:13:34 INFO  AccountPg_HeaderAndLink_TxtTest:69 - ** Verify Text-Register for an affiliate account Is Present **
2024-11-08 15:13:34 INFO  AccountPg_HeaderAndLink_TxtTest:72 - ****** Verifying Link Texts Under Header-Newsletter ******
2024-11-08 15:13:34 INFO  AccountPg_HeaderAndLink_TxtTest:73 - ** Verify Text-Subscribe/Unsubscribe to newsletter Is Present **
2024-11-08 15:13:34 INFO  AccountPg_HeaderAndLink_TxtTest:77 - ** Completed Execution of Account Page Header & Link_Text Elements Test **
2024-11-08 15:14:46 INFO  AccountPg_HeaderAndLink_TxtTest:17 - ** Login to Web Application **
2024-11-08 15:14:46 INFO  AccountPg_HeaderAndLink_TxtTest:17 - ** Login to Web Application **
2024-11-08 15:14:54 INFO  AccountPg_HeaderAndLink_TxtTest:17 - ** Login to Web Application **
2024-11-08 15:14:57 INFO  AccountPg_HeaderAndLink_TxtTest:26 - ** Provide Login Details **
2024-11-08 15:14:59 INFO  AccountPg_HeaderAndLink_TxtTest:35 - ** Verifying Login Success **
2024-11-08 15:14:59 INFO  AccountPg_HeaderAndLink_TxtTest:54 - ** Login successful **
2024-11-08 15:14:59 INFO  AccountPg_HeaderAndLink_TxtTest:19 - ** Starting Execution of Account Page Header & Link_Text Elements Test **
2024-11-08 15:14:59 INFO  AccountPg_HeaderAndLink_TxtTest:35 - ** Verify Text-My Account Is Present **
2024-11-08 15:14:59 INFO  AccountPg_HeaderAndLink_TxtTest:37 - ** Verify Text-My Orders Is Present **
2024-11-08 15:14:59 INFO  AccountPg_HeaderAndLink_TxtTest:39 - ** Verify Text-My Affiliate Account Is Present **
2024-11-08 15:14:59 INFO  AccountPg_HeaderAndLink_TxtTest:41 - ** Verify Text-Newsletter Is Present **
2024-11-08 15:14:59 INFO  AccountPg_HeaderAndLink_TxtTest:44 - ***** Verifying Link Texts Under Header-My Account ****
2024-11-08 15:14:59 INFO  AccountPg_HeaderAndLink_TxtTest:45 - ** Verify Text-Edit your account information Is Present **
2024-11-08 15:14:59 INFO  AccountPg_HeaderAndLink_TxtTest:47 - ** Verify Text-Change your password Is Present **
2024-11-08 15:14:59 INFO  AccountPg_HeaderAndLink_TxtTest:49 - ** Verify Text-Modify your address book entries Is Present **
2024-11-08 15:14:59 INFO  AccountPg_HeaderAndLink_TxtTest:51 - ** Verify Text-Modify your wish list Is Present **
2024-11-08 15:14:59 INFO  AccountPg_HeaderAndLink_TxtTest:54 - ***** Verifying Link Texts Under Header-My Orders *****
2024-11-08 15:14:59 INFO  AccountPg_HeaderAndLink_TxtTest:55 - ** Verify Text-View your order history Is Present **
2024-11-08 15:14:59 INFO  AccountPg_HeaderAndLink_TxtTest:57 - ** Verify Text-Downloads Is Present **
2024-11-08 15:14:59 INFO  AccountPg_HeaderAndLink_TxtTest:59 - ** Verify Text-Your Reward Points Is Present **
2024-11-08 15:14:59 INFO  AccountPg_HeaderAndLink_TxtTest:61 - ** Verify Text-View your return requests Is Present **
2024-11-08 15:14:59 INFO  AccountPg_HeaderAndLink_TxtTest:63 - ** Verify Text-Your Transactions Is Present **
2024-11-08 15:14:59 INFO  AccountPg_HeaderAndLink_TxtTest:65 - ** Verify Text-Recurring payments Is Present **
2024-11-08 15:14:59 INFO  AccountPg_HeaderAndLink_TxtTest:68 - ***** Verifying Link Texts Under Header-My Affiliate Account *****
2024-11-08 15:14:59 INFO  AccountPg_HeaderAndLink_TxtTest:69 - ** Verify Text-Register for an affiliate account Is Present **
2024-11-08 15:14:59 INFO  AccountPg_HeaderAndLink_TxtTest:72 - ****** Verifying Link Texts Under Header-Newsletter ******
2024-11-08 15:14:59 INFO  AccountPg_HeaderAndLink_TxtTest:73 - ** Verify Text-Subscribe/Unsubscribe to newsletter Is Present **
2024-11-08 15:14:59 INFO  AccountPg_HeaderAndLink_TxtTest:77 - ** Completed Execution of Account Page Header & Link_Text Elements Test **
2024-11-08 15:16:16 INFO  AccountPg_HeaderAndLink_TxtTest:17 - ** Login to Web Application **
2024-11-08 15:16:16 INFO  AccountPg_HeaderAndLink_TxtTest:17 - ** Login to Web Application **
2024-11-08 15:18:05 INFO  AccountPg_HeaderAndLink_TxtTest:17 - ** Login to Web Application **
2024-11-08 15:18:05 INFO  AccountPg_HeaderAndLink_TxtTest:17 - ** Login to Web Application **
2024-11-08 15:18:05 INFO  AccountPg_HeaderAndLink_TxtTest:17 - ** Login to Web Application **
2024-11-08 15:18:07 INFO  AccountPg_HeaderAndLink_TxtTest:26 - ** Provide Login Details **
2024-11-08 15:18:09 INFO  AccountPg_HeaderAndLink_TxtTest:35 - ** Verifying Login Success **
2024-11-08 15:18:09 INFO  AccountPg_HeaderAndLink_TxtTest:54 - ** Login successful **
2024-11-08 15:18:09 INFO  AccountPg_HeaderAndLink_TxtTest:19 - ** Starting Execution of Account Page Header & Link_Text Elements Test **
2024-11-08 15:18:09 INFO  AccountPg_HeaderAndLink_TxtTest:35 - ** Verify Text-My Account Is Present **
2024-11-08 15:18:09 INFO  AccountPg_HeaderAndLink_TxtTest:37 - ** Verify Text-My Orders Is Present **
2024-11-08 15:18:09 INFO  AccountPg_HeaderAndLink_TxtTest:39 - ** Verify Text-My Affiliate Account Is Present **
2024-11-08 15:18:09 INFO  AccountPg_HeaderAndLink_TxtTest:41 - ** Verify Text-Newsletter Is Present **
2024-11-08 15:18:09 INFO  AccountPg_HeaderAndLink_TxtTest:44 - ***** Verifying Link Texts Under Header-My Account ****
2024-11-08 15:18:09 INFO  AccountPg_HeaderAndLink_TxtTest:45 - ** Verify Text-Edit your account information Is Present **
2024-11-08 15:18:09 INFO  AccountPg_HeaderAndLink_TxtTest:47 - ** Verify Text-Change your password Is Present **
2024-11-08 15:18:09 INFO  AccountPg_HeaderAndLink_TxtTest:49 - ** Verify Text-Modify your address book entries Is Present **
2024-11-08 15:18:09 INFO  AccountPg_HeaderAndLink_TxtTest:51 - ** Verify Text-Modify your wish list Is Present **
2024-11-08 15:18:09 INFO  AccountPg_HeaderAndLink_TxtTest:54 - ***** Verifying Link Texts Under Header-My Orders *****
2024-11-08 15:18:09 INFO  AccountPg_HeaderAndLink_TxtTest:55 - ** Verify Text-View your order history Is Present **
2024-11-08 15:18:09 INFO  AccountPg_HeaderAndLink_TxtTest:57 - ** Verify Text-Downloads Is Present **
2024-11-08 15:18:09 INFO  AccountPg_HeaderAndLink_TxtTest:59 - ** Verify Text-Your Reward Points Is Present **
2024-11-08 15:18:09 INFO  AccountPg_HeaderAndLink_TxtTest:61 - ** Verify Text-View your return requests Is Present **
2024-11-08 15:18:09 INFO  AccountPg_HeaderAndLink_TxtTest:63 - ** Verify Text-Your Transactions Is Present **
2024-11-08 15:18:09 INFO  AccountPg_HeaderAndLink_TxtTest:65 - ** Verify Text-Recurring payments Is Present **
2024-11-08 15:18:09 INFO  AccountPg_HeaderAndLink_TxtTest:68 - ***** Verifying Link Texts Under Header-My Affiliate Account *****
2024-11-08 15:18:09 INFO  AccountPg_HeaderAndLink_TxtTest:69 - ** Verify Text-Register for an affiliate account Is Present **
2024-11-08 15:18:10 INFO  AccountPg_HeaderAndLink_TxtTest:72 - ****** Verifying Link Texts Under Header-Newsletter ******
2024-11-08 15:18:10 INFO  AccountPg_HeaderAndLink_TxtTest:73 - ** Verify Text-Subscribe/Unsubscribe to newsletter Is Present **
2024-11-08 15:18:10 INFO  AccountPg_HeaderAndLink_TxtTest:77 - ** Completed Execution of Account Page Header & Link_Text Elements Test **
2024-11-08 15:19:45 INFO  LoginTest:16 - ** Starting Execution of Login Test **
2024-11-08 15:19:46 INFO  LoginTest:20 - ** Navigating to Login Page **
2024-11-08 15:19:47 INFO  LoginTest:24 - ** Provide Login Details **
2024-11-08 15:19:50 INFO  LoginTest:30 - ** Verifying Login Success **
2024-11-08 15:19:51 INFO  LoginTest:48 - ** Completed Execution of Login Test **
2024-11-08 15:19:58 INFO  AccountRegistrationTest:15 - ** Starting Exection of AccountRegistration Test **
2024-11-08 15:19:58 INFO  AccountRegistrationTest:20 - ** Navigating to Account Registration Page **
2024-11-08 15:20:00 INFO  AccountRegistrationTest:24 - ** Providing Customer Details **
2024-11-08 15:20:00 INFO  AccountRegistrationTest:29 - ** Password Setup **
2024-11-08 15:20:02 INFO  AccountRegistrationTest:36 - ** Account Registration Complete **
2024-11-08 15:20:02 INFO  AccountRegistrationTest:37 - ** Registration Confirmation Message Check **
2024-11-08 15:20:03 INFO  AccountRegistrationTest:40 - ** After Registration continue to Login Page **
2024-11-08 15:20:03 INFO  AccountRegistrationTest:56 - ** Completed Execution of AccountRegistration Test **
2024-11-08 15:20:10 INFO  SearchTest:17 - ** Starting Execution Of Search Test **
2024-11-08 15:20:10 INFO  SearchTest:22 - ** From The Home Page **
2024-11-08 15:20:10 INFO  SearchTest:24 - ** Enter Search Text **
2024-11-08 15:20:10 INFO  SearchTest:26 - ** Click On Search Icon **
2024-11-08 15:20:12 INFO  SearchTest:29 - ** Navigating To Search Page **
2024-11-08 15:20:12 INFO  SearchTest:32 - ** Verify Search Value Displayed **
2024-11-08 15:20:12 INFO  SearchTest:34 - ** Verify Search Value Results **
2024-11-08 15:20:12 INFO  SearchTest:36 - ** Verify Products meeting the search criteria are displayed **
2024-11-08 15:20:12 INFO  SearchTest:38 - ** Verify Navigation to Product Page **
2024-11-08 15:20:14 INFO  SearchTest:41 - ** Completed Execution of Search Test**
2024-11-08 15:20:14 INFO  SearchTest:47 - ** Starting Execution Of Search_ChangeCategory Test **
2024-11-08 15:20:14 INFO  SearchTest:52 - ** Enter Search Text **
2024-11-08 15:20:14 INFO  SearchTest:54 - ** Click On Search Icon **
2024-11-08 15:20:15 INFO  SearchTest:57 - ** Navigating To Search Page **
2024-11-08 15:20:15 INFO  SearchTest:62 - ** Select Category **
2024-11-08 15:20:16 INFO  SearchTest:69 - ** Verify Products meeting the search criteria are displayed **
2024-11-08 15:20:16 INFO  SearchTest:74 - ** Completed Execution Of Search_ChangeCategory Test **
2024-11-08 15:20:16 INFO  SearchTest:81 - ** Starting Execution Of Search With Filter Test **
2024-11-08 15:20:16 INFO  SearchTest:83 - ** Navigating To Search Page **
2024-11-08 15:20:17 INFO  SearchTest:85 - ** Select Sortby Value **
2024-11-08 15:20:17 INFO  SearchTest:87 - ** Verify Sortby Value Selected **
2024-11-08 15:20:17 INFO  SearchTest:90 - ** Select Show Dropdown Value **
2024-11-08 15:20:18 INFO  SearchTest:94 - ** Verify Show Dropdown Value **
2024-11-08 15:20:18 INFO  SearchTest:97 - ** Completed Execution Of Search With Filter Test **
2024-11-08 15:21:08 INFO  AccountPg_HeaderAndLink_TxtTest:17 - ** Login to Web Application **
2024-11-08 15:21:09 INFO  AccountPg_HeaderAndLink_TxtTest:26 - ** Provide Login Details **
2024-11-08 15:21:11 INFO  AccountPg_HeaderAndLink_TxtTest:35 - ** Verifying Login Success **
2024-11-08 15:21:11 INFO  AccountPg_HeaderAndLink_TxtTest:54 - ** Login successful **
2024-11-08 15:21:11 INFO  AccountPg_HeaderAndLink_TxtTest:19 - ** Starting Execution of Account Page Header & Link_Text Elements Test **
2024-11-08 15:21:11 INFO  AccountPg_HeaderAndLink_TxtTest:35 - ** Verify Text-My Account Is Present **
2024-11-08 15:21:11 INFO  AccountPg_HeaderAndLink_TxtTest:37 - ** Verify Text-My Orders Is Present **
2024-11-08 15:21:11 INFO  AccountPg_HeaderAndLink_TxtTest:39 - ** Verify Text-My Affiliate Account Is Present **
2024-11-08 15:21:11 INFO  AccountPg_HeaderAndLink_TxtTest:41 - ** Verify Text-Newsletter Is Present **
2024-11-08 15:21:11 INFO  AccountPg_HeaderAndLink_TxtTest:44 - ***** Verifying Link Texts Under Header-My Account ****
2024-11-08 15:21:11 INFO  AccountPg_HeaderAndLink_TxtTest:45 - ** Verify Text-Edit your account information Is Present **
2024-11-08 15:21:11 INFO  AccountPg_HeaderAndLink_TxtTest:47 - ** Verify Text-Change your password Is Present **
2024-11-08 15:21:11 INFO  AccountPg_HeaderAndLink_TxtTest:49 - ** Verify Text-Modify your address book entries Is Present **
2024-11-08 15:21:11 INFO  AccountPg_HeaderAndLink_TxtTest:51 - ** Verify Text-Modify your wish list Is Present **
2024-11-08 15:21:11 INFO  AccountPg_HeaderAndLink_TxtTest:54 - ***** Verifying Link Texts Under Header-My Orders *****
2024-11-08 15:21:11 INFO  AccountPg_HeaderAndLink_TxtTest:55 - ** Verify Text-View your order history Is Present **
2024-11-08 15:21:11 INFO  AccountPg_HeaderAndLink_TxtTest:57 - ** Verify Text-Downloads Is Present **
2024-11-08 15:21:11 INFO  AccountPg_HeaderAndLink_TxtTest:59 - ** Verify Text-Your Reward Points Is Present **
2024-11-08 15:21:11 INFO  AccountPg_HeaderAndLink_TxtTest:61 - ** Verify Text-View your return requests Is Present **
2024-11-08 15:21:11 INFO  AccountPg_HeaderAndLink_TxtTest:63 - ** Verify Text-Your Transactions Is Present **
2024-11-08 15:21:11 INFO  AccountPg_HeaderAndLink_TxtTest:65 - ** Verify Text-Recurring payments Is Present **
2024-11-08 15:21:11 INFO  AccountPg_HeaderAndLink_TxtTest:68 - ***** Verifying Link Texts Under Header-My Affiliate Account *****
2024-11-08 15:21:11 INFO  AccountPg_HeaderAndLink_TxtTest:69 - ** Verify Text-Register for an affiliate account Is Present **
2024-11-08 15:21:11 INFO  AccountPg_HeaderAndLink_TxtTest:72 - ****** Verifying Link Texts Under Header-Newsletter ******
2024-11-08 15:21:11 INFO  AccountPg_HeaderAndLink_TxtTest:73 - ** Verify Text-Subscribe/Unsubscribe to newsletter Is Present **
2024-11-08 15:21:11 INFO  AccountPg_HeaderAndLink_TxtTest:77 - ** Completed Execution of Account Page Header & Link_Text Elements Test **
2024-11-08 15:21:45 INFO  AccountPg_HeaderAndLink_TxtTest:17 - ** Login to Web Application **
2024-11-08 15:21:45 INFO  AccountPg_HeaderAndLink_TxtTest:17 - ** Login to Web Application **
2024-11-08 15:22:23 INFO  AccountPg_HeaderAndLink_TxtTest:17 - ** Login to Web Application **
2024-11-08 15:22:23 INFO  AccountPg_HeaderAndLink_TxtTest:17 - ** Login to Web Application **
2024-11-08 15:22:29 INFO  AccountPg_HeaderAndLink_TxtTest:17 - ** Login to Web Application **
2024-11-08 15:22:32 INFO  AccountPg_HeaderAndLink_TxtTest:26 - ** Provide Login Details **
2024-11-08 15:22:33 INFO  AccountPg_HeaderAndLink_TxtTest:35 - ** Verifying Login Success **
2024-11-08 15:22:33 INFO  AccountPg_HeaderAndLink_TxtTest:54 - ** Login successful **
2024-11-08 15:22:33 INFO  AccountPg_HeaderAndLink_TxtTest:19 - ** Starting Execution of Account Page Header & Link_Text Elements Test **
2024-11-08 15:22:34 INFO  AccountPg_HeaderAndLink_TxtTest:35 - ** Verify Text-My Account Is Present **
2024-11-08 15:22:34 INFO  AccountPg_HeaderAndLink_TxtTest:37 - ** Verify Text-My Orders Is Present **
2024-11-08 15:22:34 INFO  AccountPg_HeaderAndLink_TxtTest:39 - ** Verify Text-My Affiliate Account Is Present **
2024-11-08 15:22:34 INFO  AccountPg_HeaderAndLink_TxtTest:41 - ** Verify Text-Newsletter Is Present **
2024-11-08 15:22:34 INFO  AccountPg_HeaderAndLink_TxtTest:44 - ***** Verifying Link Texts Under Header-My Account ****
2024-11-08 15:22:34 INFO  AccountPg_HeaderAndLink_TxtTest:45 - ** Verify Text-Edit your account information Is Present **
2024-11-08 15:22:34 INFO  AccountPg_HeaderAndLink_TxtTest:47 - ** Verify Text-Change your password Is Present **
2024-11-08 15:22:34 INFO  AccountPg_HeaderAndLink_TxtTest:49 - ** Verify Text-Modify your address book entries Is Present **
2024-11-08 15:22:34 INFO  AccountPg_HeaderAndLink_TxtTest:51 - ** Verify Text-Modify your wish list Is Present **
2024-11-08 15:22:34 INFO  AccountPg_HeaderAndLink_TxtTest:54 - ***** Verifying Link Texts Under Header-My Orders *****
2024-11-08 15:22:34 INFO  AccountPg_HeaderAndLink_TxtTest:55 - ** Verify Text-View your order history Is Present **
2024-11-08 15:22:34 INFO  AccountPg_HeaderAndLink_TxtTest:57 - ** Verify Text-Downloads Is Present **
2024-11-08 15:22:34 INFO  AccountPg_HeaderAndLink_TxtTest:59 - ** Verify Text-Your Reward Points Is Present **
2024-11-08 15:22:34 INFO  AccountPg_HeaderAndLink_TxtTest:61 - ** Verify Text-View your return requests Is Present **
2024-11-08 15:22:34 INFO  AccountPg_HeaderAndLink_TxtTest:63 - ** Verify Text-Your Transactions Is Present **
2024-11-08 15:22:34 INFO  AccountPg_HeaderAndLink_TxtTest:65 - ** Verify Text-Recurring payments Is Present **
2024-11-08 15:22:34 INFO  AccountPg_HeaderAndLink_TxtTest:68 - ***** Verifying Link Texts Under Header-My Affiliate Account *****
2024-11-08 15:22:34 INFO  AccountPg_HeaderAndLink_TxtTest:69 - ** Verify Text-Register for an affiliate account Is Present **
2024-11-08 15:22:34 INFO  AccountPg_HeaderAndLink_TxtTest:72 - ****** Verifying Link Texts Under Header-Newsletter ******
2024-11-08 15:22:34 INFO  AccountPg_HeaderAndLink_TxtTest:73 - ** Verify Text-Subscribe/Unsubscribe to newsletter Is Present **
2024-11-08 15:22:34 INFO  AccountPg_HeaderAndLink_TxtTest:77 - ** Completed Execution of Account Page Header & Link_Text Elements Test **
2024-11-08 15:23:47 INFO  AccountPg_HeaderAndLink_TxtTest:17 - ** Login to Web Application **
2024-11-08 15:23:47 INFO  AccountPg_HeaderAndLink_TxtTest:17 - ** Login to Web Application **
2024-11-08 15:23:47 INFO  AccountPg_HeaderAndLink_TxtTest:17 - ** Login to Web Application **
2024-11-08 15:23:48 INFO  AccountPg_HeaderAndLink_TxtTest:26 - ** Provide Login Details **
2024-11-08 15:23:49 INFO  AccountPg_HeaderAndLink_TxtTest:35 - ** Verifying Login Success **
2024-11-08 15:23:50 INFO  AccountPg_HeaderAndLink_TxtTest:54 - ** Login successful **
2024-11-08 15:23:50 INFO  AccountPg_HeaderAndLink_TxtTest:19 - ** Starting Execution of Account Page Header & Link_Text Elements Test **
2024-11-08 15:23:50 INFO  AccountPg_HeaderAndLink_TxtTest:35 - ** Verify Text-My Account Is Present **
2024-11-08 15:23:50 INFO  AccountPg_HeaderAndLink_TxtTest:37 - ** Verify Text-My Orders Is Present **
2024-11-08 15:23:50 INFO  AccountPg_HeaderAndLink_TxtTest:39 - ** Verify Text-My Affiliate Account Is Present **
2024-11-08 15:23:50 INFO  AccountPg_HeaderAndLink_TxtTest:41 - ** Verify Text-Newsletter Is Present **
2024-11-08 15:23:50 INFO  AccountPg_HeaderAndLink_TxtTest:44 - ***** Verifying Link Texts Under Header-My Account ****
2024-11-08 15:23:50 INFO  AccountPg_HeaderAndLink_TxtTest:45 - ** Verify Text-Edit your account information Is Present **
2024-11-08 15:23:50 INFO  AccountPg_HeaderAndLink_TxtTest:47 - ** Verify Text-Change your password Is Present **
2024-11-08 15:23:50 INFO  AccountPg_HeaderAndLink_TxtTest:49 - ** Verify Text-Modify your address book entries Is Present **
2024-11-08 15:23:50 INFO  AccountPg_HeaderAndLink_TxtTest:51 - ** Verify Text-Modify your wish list Is Present **
2024-11-08 15:23:50 INFO  AccountPg_HeaderAndLink_TxtTest:54 - ***** Verifying Link Texts Under Header-My Orders *****
2024-11-08 15:23:50 INFO  AccountPg_HeaderAndLink_TxtTest:55 - ** Verify Text-View your order history Is Present **
2024-11-08 15:23:50 INFO  AccountPg_HeaderAndLink_TxtTest:57 - ** Verify Text-Downloads Is Present **
2024-11-08 15:23:50 INFO  AccountPg_HeaderAndLink_TxtTest:59 - ** Verify Text-Your Reward Points Is Present **
2024-11-08 15:23:50 INFO  AccountPg_HeaderAndLink_TxtTest:61 - ** Verify Text-View your return requests Is Present **
2024-11-08 15:23:50 INFO  AccountPg_HeaderAndLink_TxtTest:63 - ** Verify Text-Your Transactions Is Present **
2024-11-08 15:23:51 INFO  AccountPg_HeaderAndLink_TxtTest:65 - ** Verify Text-Recurring payments Is Present **
2024-11-08 15:23:51 INFO  AccountPg_HeaderAndLink_TxtTest:68 - ***** Verifying Link Texts Under Header-My Affiliate Account *****
2024-11-08 15:23:51 INFO  AccountPg_HeaderAndLink_TxtTest:69 - ** Verify Text-Register for an affiliate account Is Present **
2024-11-08 15:23:51 INFO  AccountPg_HeaderAndLink_TxtTest:72 - ****** Verifying Link Texts Under Header-Newsletter ******
2024-11-08 15:23:51 INFO  AccountPg_HeaderAndLink_TxtTest:73 - ** Verify Text-Subscribe/Unsubscribe to newsletter Is Present **
2024-11-08 15:23:51 INFO  AccountPg_HeaderAndLink_TxtTest:77 - ** Completed Execution of Account Page Header & Link_Text Elements Test **
2024-11-08 15:25:01 INFO  AccountPg_HeaderAndLink_TxtTest:17 - ** Login to Web Application **
2024-11-08 15:25:01 INFO  AccountPg_HeaderAndLink_TxtTest:17 - ** Login to Web Application **
2024-11-08 15:25:01 INFO  AccountPg_HeaderAndLink_TxtTest:17 - ** Login to Web Application **
2024-11-08 15:25:03 INFO  AccountPg_HeaderAndLink_TxtTest:26 - ** Provide Login Details **
2024-11-08 15:25:06 INFO  AccountPg_HeaderAndLink_TxtTest:35 - ** Verifying Login Success **
2024-11-08 15:25:07 INFO  AccountPg_HeaderAndLink_TxtTest:54 - ** Login successful **
2024-11-08 15:25:07 INFO  AccountPg_HeaderAndLink_TxtTest:19 - ** Starting Execution of Account Page Header & Link_Text Elements Test **
2024-11-08 15:25:07 INFO  AccountPg_HeaderAndLink_TxtTest:35 - ** Verify Text-My Account Is Present **
2024-11-08 15:25:07 INFO  AccountPg_HeaderAndLink_TxtTest:37 - ** Verify Text-My Orders Is Present **
2024-11-08 15:25:07 INFO  AccountPg_HeaderAndLink_TxtTest:39 - ** Verify Text-My Affiliate Account Is Present **
2024-11-08 15:25:07 INFO  AccountPg_HeaderAndLink_TxtTest:41 - ** Verify Text-Newsletter Is Present **
2024-11-08 15:25:07 INFO  AccountPg_HeaderAndLink_TxtTest:44 - ***** Verifying Link Texts Under Header-My Account ****
2024-11-08 15:25:07 INFO  AccountPg_HeaderAndLink_TxtTest:45 - ** Verify Text-Edit your account information Is Present **
2024-11-08 15:25:07 INFO  AccountPg_HeaderAndLink_TxtTest:47 - ** Verify Text-Change your password Is Present **
2024-11-08 15:25:07 INFO  AccountPg_HeaderAndLink_TxtTest:49 - ** Verify Text-Modify your address book entries Is Present **
2024-11-08 15:25:07 INFO  AccountPg_HeaderAndLink_TxtTest:51 - ** Verify Text-Modify your wish list Is Present **
2024-11-08 15:25:07 INFO  AccountPg_HeaderAndLink_TxtTest:54 - ***** Verifying Link Texts Under Header-My Orders *****
2024-11-08 15:25:07 INFO  AccountPg_HeaderAndLink_TxtTest:55 - ** Verify Text-View your order history Is Present **
2024-11-08 15:25:07 INFO  AccountPg_HeaderAndLink_TxtTest:57 - ** Verify Text-Downloads Is Present **
2024-11-08 15:25:07 INFO  AccountPg_HeaderAndLink_TxtTest:59 - ** Verify Text-Your Reward Points Is Present **
2024-11-08 15:25:07 INFO  AccountPg_HeaderAndLink_TxtTest:61 - ** Verify Text-View your return requests Is Present **
2024-11-08 15:25:07 INFO  AccountPg_HeaderAndLink_TxtTest:63 - ** Verify Text-Your Transactions Is Present **
2024-11-08 15:25:07 INFO  AccountPg_HeaderAndLink_TxtTest:65 - ** Verify Text-Recurring payments Is Present **
2024-11-08 15:25:07 INFO  AccountPg_HeaderAndLink_TxtTest:68 - ***** Verifying Link Texts Under Header-My Affiliate Account *****
2024-11-08 15:25:07 INFO  AccountPg_HeaderAndLink_TxtTest:69 - ** Verify Text-Register for an affiliate account Is Present **
2024-11-08 15:25:07 INFO  AccountPg_HeaderAndLink_TxtTest:72 - ****** Verifying Link Texts Under Header-Newsletter ******
2024-11-08 15:25:07 INFO  AccountPg_HeaderAndLink_TxtTest:73 - ** Verify Text-Subscribe/Unsubscribe to newsletter Is Present **
2024-11-08 15:25:07 INFO  AccountPg_HeaderAndLink_TxtTest:77 - ** Completed Execution of Account Page Header & Link_Text Elements Test **
2024-11-08 15:25:37 INFO  AccountPg_HeaderAndLink_TxtTest:17 - ** Login to Web Application **
2024-11-08 15:25:37 INFO  AccountPg_HeaderAndLink_TxtTest:17 - ** Login to Web Application **
2024-11-08 15:25:40 INFO  AccountPg_HeaderAndLink_TxtTest:17 - ** Login to Web Application **
2024-11-08 15:25:41 INFO  AccountPg_HeaderAndLink_TxtTest:26 - ** Provide Login Details **
2024-11-08 15:25:42 INFO  AccountPg_HeaderAndLink_TxtTest:35 - ** Verifying Login Success **
2024-11-08 15:25:42 INFO  AccountPg_HeaderAndLink_TxtTest:54 - ** Login successful **
2024-11-08 15:25:42 INFO  AccountPg_HeaderAndLink_TxtTest:19 - ** Starting Execution of Account Page Header & Link_Text Elements Test **
2024-11-08 15:25:42 INFO  AccountPg_HeaderAndLink_TxtTest:35 - ** Verify Text-My Account Is Present **
2024-11-08 15:25:42 INFO  AccountPg_HeaderAndLink_TxtTest:37 - ** Verify Text-My Orders Is Present **
2024-11-08 15:25:43 INFO  AccountPg_HeaderAndLink_TxtTest:39 - ** Verify Text-My Affiliate Account Is Present **
2024-11-08 15:25:43 INFO  AccountPg_HeaderAndLink_TxtTest:41 - ** Verify Text-Newsletter Is Present **
2024-11-08 15:25:43 INFO  AccountPg_HeaderAndLink_TxtTest:44 - ***** Verifying Link Texts Under Header-My Account ****
2024-11-08 15:25:43 INFO  AccountPg_HeaderAndLink_TxtTest:45 - ** Verify Text-Edit your account information Is Present **
2024-11-08 15:25:43 INFO  AccountPg_HeaderAndLink_TxtTest:47 - ** Verify Text-Change your password Is Present **
2024-11-08 15:25:43 INFO  AccountPg_HeaderAndLink_TxtTest:49 - ** Verify Text-Modify your address book entries Is Present **
2024-11-08 15:25:43 INFO  AccountPg_HeaderAndLink_TxtTest:51 - ** Verify Text-Modify your wish list Is Present **
2024-11-08 15:25:43 INFO  AccountPg_HeaderAndLink_TxtTest:54 - ***** Verifying Link Texts Under Header-My Orders *****
2024-11-08 15:25:43 INFO  AccountPg_HeaderAndLink_TxtTest:55 - ** Verify Text-View your order history Is Present **
2024-11-08 15:25:43 INFO  AccountPg_HeaderAndLink_TxtTest:57 - ** Verify Text-Downloads Is Present **
2024-11-08 15:25:43 INFO  AccountPg_HeaderAndLink_TxtTest:59 - ** Verify Text-Your Reward Points Is Present **
2024-11-08 15:25:43 INFO  AccountPg_HeaderAndLink_TxtTest:61 - ** Verify Text-View your return requests Is Present **
2024-11-08 15:25:43 INFO  AccountPg_HeaderAndLink_TxtTest:63 - ** Verify Text-Your Transactions Is Present **
2024-11-08 15:25:43 INFO  AccountPg_HeaderAndLink_TxtTest:65 - ** Verify Text-Recurring payments Is Present **
2024-11-08 15:25:43 INFO  AccountPg_HeaderAndLink_TxtTest:68 - ***** Verifying Link Texts Under Header-My Affiliate Account *****
2024-11-08 15:25:43 INFO  AccountPg_HeaderAndLink_TxtTest:69 - ** Verify Text-Register for an affiliate account Is Present **
2024-11-08 15:25:43 INFO  AccountPg_HeaderAndLink_TxtTest:72 - ****** Verifying Link Texts Under Header-Newsletter ******
2024-11-08 15:25:43 INFO  AccountPg_HeaderAndLink_TxtTest:73 - ** Verify Text-Subscribe/Unsubscribe to newsletter Is Present **
2024-11-08 15:25:43 INFO  AccountPg_HeaderAndLink_TxtTest:77 - ** Completed Execution of Account Page Header & Link_Text Elements Test **
2024-11-08 15:28:33 INFO  AccountPg_HeaderAndLink_TxtTest:17 - ** Login to Web Application **
2024-11-08 15:28:34 INFO  AccountPg_HeaderAndLink_TxtTest:26 - ** Provide Login Details **
2024-11-08 15:28:35 INFO  AccountPg_HeaderAndLink_TxtTest:35 - ** Verifying Login Success **
2024-11-08 15:28:35 INFO  AccountPg_HeaderAndLink_TxtTest:54 - ** Login successful **
2024-11-08 15:28:35 INFO  AccountPg_HeaderAndLink_TxtTest:19 - ** Starting Execution of Account Page Header & Link_Text Elements Test **
2024-11-08 15:28:36 INFO  AccountPg_HeaderAndLink_TxtTest:35 - ** Verify Text-My Account Is Present **
2024-11-08 15:28:36 INFO  AccountPg_HeaderAndLink_TxtTest:37 - ** Verify Text-My Orders Is Present **
2024-11-08 15:28:36 INFO  AccountPg_HeaderAndLink_TxtTest:39 - ** Verify Text-My Affiliate Account Is Present **
2024-11-08 15:28:36 INFO  AccountPg_HeaderAndLink_TxtTest:41 - ** Verify Text-Newsletter Is Present **
2024-11-08 15:28:36 INFO  AccountPg_HeaderAndLink_TxtTest:44 - ***** Verifying Link Texts Under Header-My Account ****
2024-11-08 15:28:36 INFO  AccountPg_HeaderAndLink_TxtTest:45 - ** Verify Text-Edit your account information Is Present **
2024-11-08 15:28:36 INFO  AccountPg_HeaderAndLink_TxtTest:47 - ** Verify Text-Change your password Is Present **
2024-11-08 15:28:36 INFO  AccountPg_HeaderAndLink_TxtTest:49 - ** Verify Text-Modify your address book entries Is Present **
2024-11-08 15:28:36 INFO  AccountPg_HeaderAndLink_TxtTest:51 - ** Verify Text-Modify your wish list Is Present **
2024-11-08 15:28:36 INFO  AccountPg_HeaderAndLink_TxtTest:54 - ***** Verifying Link Texts Under Header-My Orders *****
2024-11-08 15:28:36 INFO  AccountPg_HeaderAndLink_TxtTest:55 - ** Verify Text-View your order history Is Present **
2024-11-08 15:28:36 INFO  AccountPg_HeaderAndLink_TxtTest:57 - ** Verify Text-Downloads Is Present **
2024-11-08 15:28:36 INFO  AccountPg_HeaderAndLink_TxtTest:59 - ** Verify Text-Your Reward Points Is Present **
2024-11-08 15:28:36 INFO  AccountPg_HeaderAndLink_TxtTest:61 - ** Verify Text-View your return requests Is Present **
2024-11-08 15:28:36 INFO  AccountPg_HeaderAndLink_TxtTest:63 - ** Verify Text-Your Transactions Is Present **
2024-11-08 15:28:36 INFO  AccountPg_HeaderAndLink_TxtTest:65 - ** Verify Text-Recurring payments Is Present **
2024-11-08 15:28:36 INFO  AccountPg_HeaderAndLink_TxtTest:68 - ***** Verifying Link Texts Under Header-My Affiliate Account *****
2024-11-08 15:28:36 INFO  AccountPg_HeaderAndLink_TxtTest:69 - ** Verify Text-Register for an affiliate account Is Present **
2024-11-08 15:28:36 INFO  AccountPg_HeaderAndLink_TxtTest:72 - ****** Verifying Link Texts Under Header-Newsletter ******
2024-11-08 15:28:36 INFO  AccountPg_HeaderAndLink_TxtTest:73 - ** Verify Text-Subscribe/Unsubscribe to newsletter Is Present **
2024-11-08 15:28:36 INFO  AccountPg_HeaderAndLink_TxtTest:77 - ** Completed Execution of Account Page Header & Link_Text Elements Test **
2024-11-08 15:29:01 INFO  AccountPg_HeaderAndLink_TxtTest:17 - ** Login to Web Application **
2024-11-08 15:29:01 INFO  LoginTest:16 - ** Starting Execution of Login Test **
2024-11-08 15:29:01 INFO  LoginTest:20 - ** Navigating to Login Page **
2024-11-08 15:29:16 INFO  AccountRegistrationTest:15 - ** Starting Exection of AccountRegistration Test **
2024-11-08 15:29:16 INFO  AccountRegistrationTest:20 - ** Navigating to Account Registration Page **
2024-11-08 15:29:17 INFO  AccountRegistrationTest:24 - ** Providing Customer Details **
2024-11-08 15:29:18 INFO  AccountRegistrationTest:29 - ** Password Setup **
2024-11-08 15:29:19 INFO  AccountRegistrationTest:36 - ** Account Registration Complete **
2024-11-08 15:29:19 INFO  AccountRegistrationTest:37 - ** Registration Confirmation Message Check **
2024-11-08 15:29:20 INFO  AccountRegistrationTest:40 - ** After Registration continue to Login Page **
2024-11-08 15:29:20 INFO  AccountRegistrationTest:56 - ** Completed Execution of AccountRegistration Test **
2024-11-08 15:29:27 INFO  AccountPg_HeaderAndLink_TxtTest:17 - ** Login to Web Application **
2024-11-08 15:29:28 INFO  AccountPg_HeaderAndLink_TxtTest:26 - ** Provide Login Details **
2024-11-08 15:29:29 INFO  AccountPg_HeaderAndLink_TxtTest:35 - ** Verifying Login Success **
2024-11-08 15:29:29 INFO  AccountPg_HeaderAndLink_TxtTest:54 - ** Login successful **
2024-11-08 15:29:29 INFO  AccountPg_HeaderAndLink_TxtTest:19 - ** Starting Execution of Account Page Header & Link_Text Elements Test **
2024-11-08 15:29:29 INFO  AccountPg_HeaderAndLink_TxtTest:35 - ** Verify Text-My Account Is Present **
2024-11-08 15:29:29 INFO  AccountPg_HeaderAndLink_TxtTest:37 - ** Verify Text-My Orders Is Present **
2024-11-08 15:29:29 INFO  AccountPg_HeaderAndLink_TxtTest:39 - ** Verify Text-My Affiliate Account Is Present **
2024-11-08 15:29:29 INFO  AccountPg_HeaderAndLink_TxtTest:41 - ** Verify Text-Newsletter Is Present **
2024-11-08 15:29:29 INFO  AccountPg_HeaderAndLink_TxtTest:44 - ***** Verifying Link Texts Under Header-My Account ****
2024-11-08 15:29:29 INFO  AccountPg_HeaderAndLink_TxtTest:45 - ** Verify Text-Edit your account information Is Present **
2024-11-08 15:29:29 INFO  AccountPg_HeaderAndLink_TxtTest:47 - ** Verify Text-Change your password Is Present **
2024-11-08 15:29:30 INFO  AccountPg_HeaderAndLink_TxtTest:49 - ** Verify Text-Modify your address book entries Is Present **
2024-11-08 15:29:30 INFO  AccountPg_HeaderAndLink_TxtTest:51 - ** Verify Text-Modify your wish list Is Present **
2024-11-08 15:29:30 INFO  AccountPg_HeaderAndLink_TxtTest:54 - ***** Verifying Link Texts Under Header-My Orders *****
2024-11-08 15:29:30 INFO  AccountPg_HeaderAndLink_TxtTest:55 - ** Verify Text-View your order history Is Present **
2024-11-08 15:29:30 INFO  AccountPg_HeaderAndLink_TxtTest:57 - ** Verify Text-Downloads Is Present **
2024-11-08 15:29:30 INFO  AccountPg_HeaderAndLink_TxtTest:59 - ** Verify Text-Your Reward Points Is Present **
2024-11-08 15:29:30 INFO  AccountPg_HeaderAndLink_TxtTest:61 - ** Verify Text-View your return requests Is Present **
2024-11-08 15:29:30 INFO  AccountPg_HeaderAndLink_TxtTest:63 - ** Verify Text-Your Transactions Is Present **
2024-11-08 15:29:30 INFO  AccountPg_HeaderAndLink_TxtTest:65 - ** Verify Text-Recurring payments Is Present **
2024-11-08 15:29:30 INFO  AccountPg_HeaderAndLink_TxtTest:68 - ***** Verifying Link Texts Under Header-My Affiliate Account *****
2024-11-08 15:29:30 INFO  AccountPg_HeaderAndLink_TxtTest:69 - ** Verify Text-Register for an affiliate account Is Present **
2024-11-08 15:29:30 INFO  AccountPg_HeaderAndLink_TxtTest:72 - ****** Verifying Link Texts Under Header-Newsletter ******
2024-11-08 15:29:30 INFO  AccountPg_HeaderAndLink_TxtTest:73 - ** Verify Text-Subscribe/Unsubscribe to newsletter Is Present **
2024-11-08 15:29:30 INFO  AccountPg_HeaderAndLink_TxtTest:77 - ** Completed Execution of Account Page Header & Link_Text Elements Test **
2024-11-08 15:30:16 INFO  AccountPg_HeaderAndLink_TxtTest:17 - ** Login to Web Application **
2024-11-08 15:30:16 INFO  LoginTest:16 - ** Starting Execution of Login Test **
2024-11-08 15:30:38 INFO  AccountPg_HeaderAndLink_TxtTest:17 - ** Login to Web Application **
2024-11-08 15:30:39 INFO  LoginTest:16 - ** Starting Execution of Login Test **
2024-11-08 15:30:39 INFO  LoginTest:20 - ** Navigating to Login Page **
2024-11-08 15:31:11 INFO  AccountPg_HeaderAndLink_TxtTest:17 - ** Login to Web Application **
2024-11-08 15:31:12 INFO  AccountPg_HeaderAndLink_TxtTest:26 - ** Provide Login Details **
2024-11-08 15:31:14 INFO  AccountPg_HeaderAndLink_TxtTest:35 - ** Verifying Login Success **
2024-11-08 15:31:14 INFO  AccountPg_HeaderAndLink_TxtTest:54 - ** Login successful **
2024-11-08 15:31:14 INFO  AccountPg_HeaderAndLink_TxtTest:19 - ** Starting Execution of Account Page Header & Link_Text Elements Test **
2024-11-08 15:31:14 INFO  AccountPg_HeaderAndLink_TxtTest:35 - ** Verify Text-My Account Is Present **
2024-11-08 15:31:14 INFO  AccountPg_HeaderAndLink_TxtTest:37 - ** Verify Text-My Orders Is Present **
2024-11-08 15:31:14 INFO  AccountPg_HeaderAndLink_TxtTest:39 - ** Verify Text-My Affiliate Account Is Present **
2024-11-08 15:31:14 INFO  AccountPg_HeaderAndLink_TxtTest:41 - ** Verify Text-Newsletter Is Present **
2024-11-08 15:31:14 INFO  AccountPg_HeaderAndLink_TxtTest:44 - ***** Verifying Link Texts Under Header-My Account ****
2024-11-08 15:31:14 INFO  AccountPg_HeaderAndLink_TxtTest:45 - ** Verify Text-Edit your account information Is Present **
2024-11-08 15:31:14 INFO  AccountPg_HeaderAndLink_TxtTest:47 - ** Verify Text-Change your password Is Present **
2024-11-08 15:31:14 INFO  AccountPg_HeaderAndLink_TxtTest:49 - ** Verify Text-Modify your address book entries Is Present **
2024-11-08 15:31:14 INFO  AccountPg_HeaderAndLink_TxtTest:51 - ** Verify Text-Modify your wish list Is Present **
2024-11-08 15:31:14 INFO  AccountPg_HeaderAndLink_TxtTest:54 - ***** Verifying Link Texts Under Header-My Orders *****
2024-11-08 15:31:14 INFO  AccountPg_HeaderAndLink_TxtTest:55 - ** Verify Text-View your order history Is Present **
2024-11-08 15:31:14 INFO  AccountPg_HeaderAndLink_TxtTest:57 - ** Verify Text-Downloads Is Present **
2024-11-08 15:31:14 INFO  AccountPg_HeaderAndLink_TxtTest:59 - ** Verify Text-Your Reward Points Is Present **
2024-11-08 15:31:14 INFO  AccountPg_HeaderAndLink_TxtTest:61 - ** Verify Text-View your return requests Is Present **
2024-11-08 15:31:14 INFO  AccountPg_HeaderAndLink_TxtTest:63 - ** Verify Text-Your Transactions Is Present **
2024-11-08 15:31:14 INFO  AccountPg_HeaderAndLink_TxtTest:65 - ** Verify Text-Recurring payments Is Present **
2024-11-08 15:31:14 INFO  AccountPg_HeaderAndLink_TxtTest:68 - ***** Verifying Link Texts Under Header-My Affiliate Account *****
2024-11-08 15:31:14 INFO  AccountPg_HeaderAndLink_TxtTest:69 - ** Verify Text-Register for an affiliate account Is Present **
2024-11-08 15:31:15 INFO  AccountPg_HeaderAndLink_TxtTest:72 - ****** Verifying Link Texts Under Header-Newsletter ******
2024-11-08 15:31:15 INFO  AccountPg_HeaderAndLink_TxtTest:73 - ** Verify Text-Subscribe/Unsubscribe to newsletter Is Present **
2024-11-08 15:31:15 INFO  AccountPg_HeaderAndLink_TxtTest:77 - ** Completed Execution of Account Page Header & Link_Text Elements Test **
2024-11-08 15:31:20 INFO  LoginTest:16 - ** Starting Execution of Login Test **
2024-11-08 15:31:21 INFO  LoginTest:20 - ** Navigating to Login Page **
2024-11-08 15:31:21 INFO  LoginTest:24 - ** Provide Login Details **
2024-11-08 15:31:23 INFO  LoginTest:30 - ** Verifying Login Success **
2024-11-08 15:31:23 INFO  LoginTest:48 - ** Completed Execution of Login Test **
2024-11-08 15:31:53 INFO  AccountPg_HeaderAndLink_TxtTest:17 - ** Login to Web Application **
2024-11-08 15:31:54 INFO  AccountPg_HeaderAndLink_TxtTest:26 - ** Provide Login Details **
2024-11-08 15:31:55 INFO  AccountPg_HeaderAndLink_TxtTest:35 - ** Verifying Login Success **
2024-11-08 15:31:55 INFO  AccountPg_HeaderAndLink_TxtTest:54 - ** Login successful **
2024-11-08 15:31:55 INFO  AccountPg_HeaderAndLink_TxtTest:19 - ** Starting Execution of Account Page Header & Link_Text Elements Test **
2024-11-08 15:31:55 INFO  AccountPg_HeaderAndLink_TxtTest:35 - ** Verify Text-My Account Is Present **
2024-11-08 15:31:55 INFO  AccountPg_HeaderAndLink_TxtTest:37 - ** Verify Text-My Orders Is Present **
2024-11-08 15:31:56 INFO  AccountPg_HeaderAndLink_TxtTest:39 - ** Verify Text-My Affiliate Account Is Present **
2024-11-08 15:31:56 INFO  AccountPg_HeaderAndLink_TxtTest:41 - ** Verify Text-Newsletter Is Present **
2024-11-08 15:31:56 INFO  AccountPg_HeaderAndLink_TxtTest:44 - ***** Verifying Link Texts Under Header-My Account ****
2024-11-08 15:31:56 INFO  AccountPg_HeaderAndLink_TxtTest:45 - ** Verify Text-Edit your account information Is Present **
2024-11-08 15:31:56 INFO  AccountPg_HeaderAndLink_TxtTest:47 - ** Verify Text-Change your password Is Present **
2024-11-08 15:31:56 INFO  AccountPg_HeaderAndLink_TxtTest:49 - ** Verify Text-Modify your address book entries Is Present **
2024-11-08 15:31:56 INFO  AccountPg_HeaderAndLink_TxtTest:51 - ** Verify Text-Modify your wish list Is Present **
2024-11-08 15:31:56 INFO  AccountPg_HeaderAndLink_TxtTest:54 - ***** Verifying Link Texts Under Header-My Orders *****
2024-11-08 15:31:56 INFO  AccountPg_HeaderAndLink_TxtTest:55 - ** Verify Text-View your order history Is Present **
2024-11-08 15:31:56 INFO  AccountPg_HeaderAndLink_TxtTest:57 - ** Verify Text-Downloads Is Present **
2024-11-08 15:31:56 INFO  AccountPg_HeaderAndLink_TxtTest:59 - ** Verify Text-Your Reward Points Is Present **
2024-11-08 15:31:56 INFO  AccountPg_HeaderAndLink_TxtTest:61 - ** Verify Text-View your return requests Is Present **
2024-11-08 15:31:56 INFO  AccountPg_HeaderAndLink_TxtTest:63 - ** Verify Text-Your Transactions Is Present **
2024-11-08 15:31:56 INFO  AccountPg_HeaderAndLink_TxtTest:65 - ** Verify Text-Recurring payments Is Present **
2024-11-08 15:31:56 INFO  AccountPg_HeaderAndLink_TxtTest:68 - ***** Verifying Link Texts Under Header-My Affiliate Account *****
2024-11-08 15:31:56 INFO  AccountPg_HeaderAndLink_TxtTest:69 - ** Verify Text-Register for an affiliate account Is Present **
2024-11-08 15:31:56 INFO  AccountPg_HeaderAndLink_TxtTest:72 - ****** Verifying Link Texts Under Header-Newsletter ******
2024-11-08 15:31:56 INFO  AccountPg_HeaderAndLink_TxtTest:73 - ** Verify Text-Subscribe/Unsubscribe to newsletter Is Present **
2024-11-08 15:31:56 INFO  AccountPg_HeaderAndLink_TxtTest:77 - ** Completed Execution of Account Page Header & Link_Text Elements Test **
2024-11-08 15:32:02 INFO  LoginTest:16 - ** Starting Execution of Login Test **
2024-11-08 15:32:02 INFO  LoginTest:20 - ** Navigating to Login Page **
2024-11-08 15:32:02 INFO  LoginTest:24 - ** Provide Login Details **
2024-11-08 15:32:04 INFO  LoginTest:30 - ** Verifying Login Success **
2024-11-08 15:32:04 INFO  LoginTest:48 - ** Completed Execution of Login Test **
2024-11-08 15:32:11 INFO  LoginTest:16 - ** Starting Execution of Login Test **
2024-11-08 15:32:11 INFO  LoginTest:20 - ** Navigating to Login Page **
2024-11-08 15:32:12 INFO  LoginTest:24 - ** Provide Login Details **
2024-11-08 15:32:13 INFO  LoginTest:30 - ** Verifying Login Success **
2024-11-08 15:32:13 INFO  LoginTest:48 - ** Completed Execution of Login Test **
2024-11-08 15:32:20 INFO  AccountRegistrationTest:15 - ** Starting Exection of AccountRegistration Test **
2024-11-08 15:32:20 INFO  AccountRegistrationTest:20 - ** Navigating to Account Registration Page **
2024-11-08 15:32:21 INFO  AccountRegistrationTest:24 - ** Providing Customer Details **
2024-11-08 15:32:21 INFO  AccountRegistrationTest:29 - ** Password Setup **
2024-11-08 15:32:23 INFO  AccountRegistrationTest:36 - ** Account Registration Complete **
2024-11-08 15:32:23 INFO  AccountRegistrationTest:37 - ** Registration Confirmation Message Check **
2024-11-08 15:32:24 INFO  AccountRegistrationTest:40 - ** After Registration continue to Login Page **
2024-11-08 15:32:24 INFO  AccountRegistrationTest:56 - ** Completed Execution of AccountRegistration Test **
2024-11-08 15:32:31 INFO  AccountPg_HeaderAndLink_TxtTest:17 - ** Login to Web Application **
2024-11-08 15:32:32 INFO  AccountPg_HeaderAndLink_TxtTest:26 - ** Provide Login Details **
2024-11-08 15:32:33 INFO  AccountPg_HeaderAndLink_TxtTest:35 - ** Verifying Login Success **
2024-11-08 15:32:33 INFO  AccountPg_HeaderAndLink_TxtTest:54 - ** Login successful **
2024-11-08 15:32:33 INFO  AccountPg_HeaderAndLink_TxtTest:19 - ** Starting Execution of Account Page Header & Link_Text Elements Test **
2024-11-08 15:32:33 INFO  AccountPg_HeaderAndLink_TxtTest:35 - ** Verify Text-My Account Is Present **
2024-11-08 15:32:33 INFO  AccountPg_HeaderAndLink_TxtTest:37 - ** Verify Text-My Orders Is Present **
2024-11-08 15:32:33 INFO  AccountPg_HeaderAndLink_TxtTest:39 - ** Verify Text-My Affiliate Account Is Present **
2024-11-08 15:32:33 INFO  AccountPg_HeaderAndLink_TxtTest:41 - ** Verify Text-Newsletter Is Present **
2024-11-08 15:32:33 INFO  AccountPg_HeaderAndLink_TxtTest:44 - ***** Verifying Link Texts Under Header-My Account ****
2024-11-08 15:32:33 INFO  AccountPg_HeaderAndLink_TxtTest:45 - ** Verify Text-Edit your account information Is Present **
2024-11-08 15:32:33 INFO  AccountPg_HeaderAndLink_TxtTest:47 - ** Verify Text-Change your password Is Present **
2024-11-08 15:32:33 INFO  AccountPg_HeaderAndLink_TxtTest:49 - ** Verify Text-Modify your address book entries Is Present **
2024-11-08 15:32:33 INFO  AccountPg_HeaderAndLink_TxtTest:51 - ** Verify Text-Modify your wish list Is Present **
2024-11-08 15:32:33 INFO  AccountPg_HeaderAndLink_TxtTest:54 - ***** Verifying Link Texts Under Header-My Orders *****
2024-11-08 15:32:33 INFO  AccountPg_HeaderAndLink_TxtTest:55 - ** Verify Text-View your order history Is Present **
2024-11-08 15:32:33 INFO  AccountPg_HeaderAndLink_TxtTest:57 - ** Verify Text-Downloads Is Present **
2024-11-08 15:32:33 INFO  AccountPg_HeaderAndLink_TxtTest:59 - ** Verify Text-Your Reward Points Is Present **
2024-11-08 15:32:33 INFO  AccountPg_HeaderAndLink_TxtTest:61 - ** Verify Text-View your return requests Is Present **
2024-11-08 15:32:33 INFO  AccountPg_HeaderAndLink_TxtTest:63 - ** Verify Text-Your Transactions Is Present **
2024-11-08 15:32:33 INFO  AccountPg_HeaderAndLink_TxtTest:65 - ** Verify Text-Recurring payments Is Present **
2024-11-08 15:32:33 INFO  AccountPg_HeaderAndLink_TxtTest:68 - ***** Verifying Link Texts Under Header-My Affiliate Account *****
2024-11-08 15:32:33 INFO  AccountPg_HeaderAndLink_TxtTest:69 - ** Verify Text-Register for an affiliate account Is Present **
2024-11-08 15:32:33 INFO  AccountPg_HeaderAndLink_TxtTest:72 - ****** Verifying Link Texts Under Header-Newsletter ******
2024-11-08 15:32:33 INFO  AccountPg_HeaderAndLink_TxtTest:73 - ** Verify Text-Subscribe/Unsubscribe to newsletter Is Present **
2024-11-08 15:32:33 INFO  AccountPg_HeaderAndLink_TxtTest:77 - ** Completed Execution of Account Page Header & Link_Text Elements Test **
2024-11-08 15:33:20 INFO  AccountPg_HeaderAndLink_TxtTest:17 - ** Login to Web Application **
2024-11-08 15:33:21 INFO  AccountPg_HeaderAndLink_TxtTest:26 - ** Provide Login Details **
2024-11-08 15:33:22 INFO  AccountPg_HeaderAndLink_TxtTest:35 - ** Verifying Login Success **
2024-11-08 15:33:22 INFO  AccountPg_HeaderAndLink_TxtTest:54 - ** Login successful **
2024-11-08 15:33:22 INFO  AccountPg_HeaderAndLink_TxtTest:19 - ** Starting Execution of Account Page Header & Link_Text Elements Test **
2024-11-08 15:33:22 INFO  AccountPg_HeaderAndLink_TxtTest:35 - ** Verify Text-My Account Is Present **
2024-11-08 15:33:22 INFO  AccountPg_HeaderAndLink_TxtTest:37 - ** Verify Text-My Orders Is Present **
2024-11-08 15:33:22 INFO  AccountPg_HeaderAndLink_TxtTest:39 - ** Verify Text-My Affiliate Account Is Present **
2024-11-08 15:33:23 INFO  AccountPg_HeaderAndLink_TxtTest:41 - ** Verify Text-Newsletter Is Present **
2024-11-08 15:33:23 INFO  AccountPg_HeaderAndLink_TxtTest:44 - ***** Verifying Link Texts Under Header-My Account ****
2024-11-08 15:33:23 INFO  AccountPg_HeaderAndLink_TxtTest:45 - ** Verify Text-Edit your account information Is Present **
2024-11-08 15:33:23 INFO  AccountPg_HeaderAndLink_TxtTest:47 - ** Verify Text-Change your password Is Present **
2024-11-08 15:33:23 INFO  AccountPg_HeaderAndLink_TxtTest:49 - ** Verify Text-Modify your address book entries Is Present **
2024-11-08 15:33:23 INFO  AccountPg_HeaderAndLink_TxtTest:51 - ** Verify Text-Modify your wish list Is Present **
2024-11-08 15:33:23 INFO  AccountPg_HeaderAndLink_TxtTest:54 - ***** Verifying Link Texts Under Header-My Orders *****
2024-11-08 15:33:23 INFO  AccountPg_HeaderAndLink_TxtTest:55 - ** Verify Text-View your order history Is Present **
2024-11-08 15:33:23 INFO  AccountPg_HeaderAndLink_TxtTest:57 - ** Verify Text-Downloads Is Present **
2024-11-08 15:33:23 INFO  AccountPg_HeaderAndLink_TxtTest:59 - ** Verify Text-Your Reward Points Is Present **
2024-11-08 15:33:23 INFO  AccountPg_HeaderAndLink_TxtTest:61 - ** Verify Text-View your return requests Is Present **
2024-11-08 15:33:23 INFO  AccountPg_HeaderAndLink_TxtTest:63 - ** Verify Text-Your Transactions Is Present **
2024-11-08 15:33:23 INFO  AccountPg_HeaderAndLink_TxtTest:65 - ** Verify Text-Recurring payments Is Present **
2024-11-08 15:33:23 INFO  AccountPg_HeaderAndLink_TxtTest:68 - ***** Verifying Link Texts Under Header-My Affiliate Account *****
2024-11-08 15:33:23 INFO  AccountPg_HeaderAndLink_TxtTest:69 - ** Verify Text-Register for an affiliate account Is Present **
2024-11-08 15:33:23 INFO  AccountPg_HeaderAndLink_TxtTest:72 - ****** Verifying Link Texts Under Header-Newsletter ******
2024-11-08 15:33:23 INFO  AccountPg_HeaderAndLink_TxtTest:73 - ** Verify Text-Subscribe/Unsubscribe to newsletter Is Present **
2024-11-08 15:33:23 INFO  AccountPg_HeaderAndLink_TxtTest:77 - ** Completed Execution of Account Page Header & Link_Text Elements Test **
2024-11-08 15:33:30 INFO  LoginTest:16 - ** Starting Execution of Login Test **
2024-11-08 15:33:30 INFO  LoginTest:20 - ** Navigating to Login Page **
2024-11-08 15:33:30 INFO  LoginTest:24 - ** Provide Login Details **
2024-11-08 15:33:32 INFO  LoginTest:30 - ** Verifying Login Success **
2024-11-08 15:33:32 INFO  LoginTest:48 - ** Completed Execution of Login Test **
2024-11-08 15:33:40 INFO  LoginTest:16 - ** Starting Execution of Login Test **
2024-11-08 15:33:40 INFO  LoginTest:20 - ** Navigating to Login Page **
2024-11-08 15:33:41 INFO  LoginTest:24 - ** Provide Login Details **
2024-11-08 15:33:42 INFO  LoginTest:30 - ** Verifying Login Success **
2024-11-08 15:33:42 INFO  LoginTest:48 - ** Completed Execution of Login Test **
2024-11-08 15:35:01 INFO  LoginTest:16 - ** Starting Execution of Login Test **
2024-11-08 15:35:01 INFO  LoginTest:20 - ** Navigating to Login Page **
2024-11-08 15:35:02 INFO  LoginTest:24 - ** Provide Login Details **
2024-11-08 15:35:03 INFO  LoginTest:30 - ** Verifying Login Success **
2024-11-08 15:35:03 INFO  LoginTest:48 - ** Completed Execution of Login Test **
2024-11-08 15:35:07 INFO  SearchTest:17 - ** Starting Execution Of Search Test **
2024-11-08 15:35:07 INFO  SearchTest:22 - ** From The Home Page **
2024-11-08 15:35:07 INFO  SearchTest:24 - ** Enter Search Text **
2024-11-08 15:35:08 INFO  SearchTest:26 - ** Click On Search Icon **
2024-11-08 15:35:08 INFO  SearchTest:29 - ** Navigating To Search Page **
2024-11-08 15:35:10 INFO  SearchTest:32 - ** Verify Search Value Displayed **
2024-11-08 15:35:10 INFO  SearchTest:34 - ** Verify Search Value Results **
2024-11-08 15:35:10 INFO  SearchTest:36 - ** Verify Products meeting the search criteria are displayed **
2024-11-08 15:35:10 INFO  SearchTest:38 - ** Verify Navigation to Product Page **
2024-11-08 15:35:11 INFO  SearchTest:41 - ** Completed Execution of Search Test**
2024-11-08 15:35:11 INFO  SearchTest:47 - ** Starting Execution Of Search_ChangeCategory Test **
2024-11-08 15:35:11 INFO  SearchTest:52 - ** Enter Search Text **
2024-11-08 15:35:11 INFO  SearchTest:54 - ** Click On Search Icon **
2024-11-08 15:35:12 INFO  SearchTest:57 - ** Navigating To Search Page **
2024-11-08 15:35:12 INFO  SearchTest:62 - ** Select Category **
2024-11-08 15:35:13 INFO  SearchTest:69 - ** Verify Products meeting the search criteria are displayed **
2024-11-08 15:35:13 INFO  SearchTest:74 - ** Completed Execution Of Search_ChangeCategory Test **
2024-11-08 15:35:13 INFO  SearchTest:81 - ** Starting Execution Of Search With Filter Test **
2024-11-08 15:35:13 INFO  SearchTest:83 - ** Navigating To Search Page **
2024-11-08 15:35:13 INFO  SearchTest:85 - ** Select Sortby Value **
2024-11-08 15:35:14 INFO  SearchTest:87 - ** Verify Sortby Value Selected **
2024-11-08 15:35:14 INFO  SearchTest:90 - ** Select Show Dropdown Value **
2024-11-08 15:35:15 INFO  SearchTest:94 - ** Verify Show Dropdown Value **
2024-11-08 15:35:15 INFO  SearchTest:97 - ** Completed Execution Of Search With Filter Test **
2024-11-08 15:35:19 INFO  InvalidString_SearchTest:49 - ** Starting Execution of Search with Empty String Test **
2024-11-08 15:35:19 INFO  InvalidString_SearchTest:54 - ** From The Home Page **
2024-11-08 15:35:19 INFO  InvalidString_SearchTest:56 - ** Enter Search text **
2024-11-08 15:35:19 INFO  InvalidString_SearchTest:58 - ** Click on Search icon **
2024-11-08 15:35:19 INFO  InvalidString_SearchTest:61 - ** Navigating to Search Page **
2024-11-08 15:35:20 INFO  InvalidString_SearchTest:64 - ** Verify Search value displayed **
2024-11-08 15:35:20 INFO  InvalidString_SearchTest:69 - ** Verify Search value results  with Empty Search String **
2024-11-08 15:35:20 INFO  InvalidString_SearchTest:72 - ** Verify Text - No Product Match is displayed **
2024-11-08 15:35:20 INFO  InvalidString_SearchTest:75 - ** Completed Execution of Search with Empty String Test**
2024-11-08 15:35:20 INFO  InvalidString_SearchTest:18 - ** Starting Execution of Search with Invalid String Test **
2024-11-08 15:35:20 INFO  InvalidString_SearchTest:23 - ** From The Home Page **
2024-11-08 15:35:20 INFO  InvalidString_SearchTest:25 - ** Enter Search text **
2024-11-08 15:35:20 INFO  InvalidString_SearchTest:27 - ** Click on Search icon **
2024-11-08 15:35:20 INFO  InvalidString_SearchTest:30 - ** Navigating to Search Page **
2024-11-08 15:35:21 INFO  InvalidString_SearchTest:33 - ** Verify Search value displayed **
2024-11-08 15:35:21 INFO  InvalidString_SearchTest:37 - ** Verify Search value results  with Invalid Search String **
2024-11-08 15:35:21 INFO  InvalidString_SearchTest:40 - ** Verify Text - No Product Match is displayed **
2024-11-08 15:35:21 INFO  InvalidString_SearchTest:43 - ** Completed Execution of Search with Invalid String Test**
2024-11-08 15:35:25 INFO  AccountRegistrationTest:15 - ** Starting Exection of AccountRegistration Test **
2024-11-08 15:35:25 INFO  AccountRegistrationTest:20 - ** Navigating to Account Registration Page **
2024-11-08 15:35:26 INFO  AccountRegistrationTest:24 - ** Providing Customer Details **
2024-11-08 15:35:26 INFO  AccountRegistrationTest:29 - ** Password Setup **
2024-11-08 15:35:28 INFO  AccountRegistrationTest:36 - ** Account Registration Complete **
2024-11-08 15:35:28 INFO  AccountRegistrationTest:37 - ** Registration Confirmation Message Check **
2024-11-08 15:35:28 INFO  AccountRegistrationTest:40 - ** After Registration continue to Login Page **
2024-11-08 15:35:28 INFO  AccountRegistrationTest:56 - ** Completed Execution of AccountRegistration Test **
2024-11-08 15:35:32 INFO  AccountPg_HeaderAndLink_TxtTest:17 - ** Login to Web Application **
2024-11-08 15:35:33 INFO  AccountPg_HeaderAndLink_TxtTest:26 - ** Provide Login Details **
2024-11-08 15:35:34 INFO  AccountPg_HeaderAndLink_TxtTest:35 - ** Verifying Login Success **
2024-11-08 15:35:34 INFO  AccountPg_HeaderAndLink_TxtTest:54 - ** Login successful **
2024-11-08 15:35:34 INFO  AccountPg_HeaderAndLink_TxtTest:19 - ** Starting Execution of Account Page Header & Link_Text Elements Test **
2024-11-08 15:35:34 INFO  AccountPg_HeaderAndLink_TxtTest:35 - ** Verify Text-My Account Is Present **
2024-11-08 15:35:34 INFO  AccountPg_HeaderAndLink_TxtTest:37 - ** Verify Text-My Orders Is Present **
2024-11-08 15:35:34 INFO  AccountPg_HeaderAndLink_TxtTest:39 - ** Verify Text-My Affiliate Account Is Present **
2024-11-08 15:35:34 INFO  AccountPg_HeaderAndLink_TxtTest:41 - ** Verify Text-Newsletter Is Present **
2024-11-08 15:35:35 INFO  AccountPg_HeaderAndLink_TxtTest:44 - ***** Verifying Link Texts Under Header-My Account ****
2024-11-08 15:35:35 INFO  AccountPg_HeaderAndLink_TxtTest:45 - ** Verify Text-Edit your account information Is Present **
2024-11-08 15:35:35 INFO  AccountPg_HeaderAndLink_TxtTest:47 - ** Verify Text-Change your password Is Present **
2024-11-08 15:35:35 INFO  AccountPg_HeaderAndLink_TxtTest:49 - ** Verify Text-Modify your address book entries Is Present **
2024-11-08 15:35:35 INFO  AccountPg_HeaderAndLink_TxtTest:51 - ** Verify Text-Modify your wish list Is Present **
2024-11-08 15:35:35 INFO  AccountPg_HeaderAndLink_TxtTest:54 - ***** Verifying Link Texts Under Header-My Orders *****
2024-11-08 15:35:35 INFO  AccountPg_HeaderAndLink_TxtTest:55 - ** Verify Text-View your order history Is Present **
2024-11-08 15:35:35 INFO  AccountPg_HeaderAndLink_TxtTest:57 - ** Verify Text-Downloads Is Present **
2024-11-08 15:35:35 INFO  AccountPg_HeaderAndLink_TxtTest:59 - ** Verify Text-Your Reward Points Is Present **
2024-11-08 15:35:35 INFO  AccountPg_HeaderAndLink_TxtTest:61 - ** Verify Text-View your return requests Is Present **
2024-11-08 15:35:35 INFO  AccountPg_HeaderAndLink_TxtTest:63 - ** Verify Text-Your Transactions Is Present **
2024-11-08 15:35:35 INFO  AccountPg_HeaderAndLink_TxtTest:65 - ** Verify Text-Recurring payments Is Present **
2024-11-08 15:35:35 INFO  AccountPg_HeaderAndLink_TxtTest:68 - ***** Verifying Link Texts Under Header-My Affiliate Account *****
2024-11-08 15:35:35 INFO  AccountPg_HeaderAndLink_TxtTest:69 - ** Verify Text-Register for an affiliate account Is Present **
2024-11-08 15:35:35 INFO  AccountPg_HeaderAndLink_TxtTest:72 - ****** Verifying Link Texts Under Header-Newsletter ******
2024-11-08 15:35:35 INFO  AccountPg_HeaderAndLink_TxtTest:73 - ** Verify Text-Subscribe/Unsubscribe to newsletter Is Present **
2024-11-08 15:35:35 INFO  AccountPg_HeaderAndLink_TxtTest:77 - ** Completed Execution of Account Page Header & Link_Text Elements Test **
2024-11-08 16:05:33 INFO  AccountRegistrationTest:15 - ** Starting Exection of AccountRegistration Test **
2024-11-08 16:05:33 INFO  AccountRegistrationTest:20 - ** Navigating to Account Registration Page **
2024-11-08 16:05:35 INFO  AccountRegistrationTest:24 - ** Providing Customer Details **
2024-11-08 16:05:36 INFO  AccountRegistrationTest:29 - ** Password Setup **
2024-11-08 16:05:38 INFO  AccountRegistrationTest:36 - ** Account Registration Complete **
2024-11-08 16:05:38 INFO  AccountRegistrationTest:37 - ** Registration Confirmation Message Check **
2024-11-08 16:05:39 INFO  AccountRegistrationTest:40 - ** After Registration continue to Login Page **
2024-11-08 16:05:39 INFO  AccountRegistrationTest:56 - ** Completed Execution of AccountRegistration Test **
2024-11-08 16:05:47 INFO  LoginTest:16 - ** Starting Execution of Login Test **
2024-11-08 16:05:47 INFO  LoginTest:20 - ** Navigating to Login Page **
2024-11-08 16:05:48 INFO  LoginTest:24 - ** Provide Login Details **
2024-11-08 16:05:50 INFO  LoginTest:30 - ** Verifying Login Success **
2024-11-08 16:05:50 INFO  LoginTest:48 - ** Completed Execution of Login Test **
2024-11-08 16:05:58 INFO  AccountPg_HeaderAndLink_TxtTest:17 - ** Login to Web Application **
2024-11-08 16:05:59 INFO  AccountPg_HeaderAndLink_TxtTest:26 - ** Provide Login Details **
2024-11-08 16:06:01 INFO  AccountPg_HeaderAndLink_TxtTest:35 - ** Verifying Login Success **
2024-11-08 16:06:01 INFO  AccountPg_HeaderAndLink_TxtTest:54 - ** Login successful **
2024-11-08 16:06:01 INFO  AccountPg_HeaderAndLink_TxtTest:19 - ** Starting Execution of Account Page Header & Link_Text Elements Test **
2024-11-08 16:06:02 INFO  AccountPg_HeaderAndLink_TxtTest:35 - ** Verify Text-My Account Is Present **
2024-11-08 16:06:02 INFO  AccountPg_HeaderAndLink_TxtTest:37 - ** Verify Text-My Orders Is Present **
2024-11-08 16:06:02 INFO  AccountPg_HeaderAndLink_TxtTest:39 - ** Verify Text-My Affiliate Account Is Present **
2024-11-08 16:06:02 INFO  AccountPg_HeaderAndLink_TxtTest:41 - ** Verify Text-Newsletter Is Present **
2024-11-08 16:06:02 INFO  AccountPg_HeaderAndLink_TxtTest:44 - ***** Verifying Link Texts Under Header-My Account ****
2024-11-08 16:06:02 INFO  AccountPg_HeaderAndLink_TxtTest:45 - ** Verify Text-Edit your account information Is Present **
2024-11-08 16:06:02 INFO  AccountPg_HeaderAndLink_TxtTest:47 - ** Verify Text-Change your password Is Present **
2024-11-08 16:06:02 INFO  AccountPg_HeaderAndLink_TxtTest:49 - ** Verify Text-Modify your address book entries Is Present **
2024-11-08 16:06:02 INFO  AccountPg_HeaderAndLink_TxtTest:51 - ** Verify Text-Modify your wish list Is Present **
2024-11-08 16:06:02 INFO  AccountPg_HeaderAndLink_TxtTest:54 - ***** Verifying Link Texts Under Header-My Orders *****
2024-11-08 16:06:02 INFO  AccountPg_HeaderAndLink_TxtTest:55 - ** Verify Text-View your order history Is Present **
2024-11-08 16:06:02 INFO  AccountPg_HeaderAndLink_TxtTest:57 - ** Verify Text-Downloads Is Present **
2024-11-08 16:06:02 INFO  AccountPg_HeaderAndLink_TxtTest:59 - ** Verify Text-Your Reward Points Is Present **
2024-11-08 16:06:02 INFO  AccountPg_HeaderAndLink_TxtTest:61 - ** Verify Text-View your return requests Is Present **
2024-11-08 16:06:02 INFO  AccountPg_HeaderAndLink_TxtTest:63 - ** Verify Text-Your Transactions Is Present **
2024-11-08 16:06:03 INFO  AccountPg_HeaderAndLink_TxtTest:65 - ** Verify Text-Recurring payments Is Present **
2024-11-08 16:06:03 INFO  AccountPg_HeaderAndLink_TxtTest:68 - ***** Verifying Link Texts Under Header-My Affiliate Account *****
2024-11-08 16:06:03 INFO  AccountPg_HeaderAndLink_TxtTest:69 - ** Verify Text-Register for an affiliate account Is Present **
2024-11-08 16:06:03 INFO  AccountPg_HeaderAndLink_TxtTest:72 - ****** Verifying Link Texts Under Header-Newsletter ******
2024-11-08 16:06:03 INFO  AccountPg_HeaderAndLink_TxtTest:73 - ** Verify Text-Subscribe/Unsubscribe to newsletter Is Present **
2024-11-08 16:06:03 INFO  AccountPg_HeaderAndLink_TxtTest:77 - ** Completed Execution of Account Page Header & Link_Text Elements Test **
2024-11-08 16:06:11 INFO  SearchTest:17 - ** Starting Execution Of Search Test **
2024-11-08 16:06:11 INFO  SearchTest:22 - ** From The Home Page **
2024-11-08 16:06:11 INFO  SearchTest:24 - ** Enter Search Text **
2024-11-08 16:06:11 INFO  SearchTest:26 - ** Click On Search Icon **
2024-11-08 16:06:12 INFO  SearchTest:29 - ** Navigating To Search Page **
2024-11-08 16:06:13 INFO  SearchTest:32 - ** Verify Search Value Displayed **
2024-11-08 16:06:13 INFO  SearchTest:34 - ** Verify Search Value Results **
2024-11-08 16:06:13 INFO  SearchTest:36 - ** Verify Products meeting the search criteria are displayed **
2024-11-08 16:06:13 INFO  SearchTest:38 - ** Verify Navigation to Product Page **
2024-11-08 16:06:15 INFO  SearchTest:41 - ** Completed Execution of Search Test**
2024-11-08 16:06:15 INFO  SearchTest:47 - ** Starting Execution Of Search_ChangeCategory Test **
2024-11-08 16:06:15 INFO  SearchTest:52 - ** Enter Search Text **
2024-11-08 16:06:15 INFO  SearchTest:54 - ** Click On Search Icon **
2024-11-08 16:06:16 INFO  SearchTest:57 - ** Navigating To Search Page **
2024-11-08 16:06:17 INFO  SearchTest:62 - ** Select Category **
2024-11-08 16:06:18 INFO  SearchTest:69 - ** Verify Products meeting the search criteria are displayed **
2024-11-08 16:06:18 INFO  SearchTest:74 - ** Completed Execution Of Search_ChangeCategory Test **
2024-11-08 16:06:18 INFO  SearchTest:81 - ** Starting Execution Of Search With Filter Test **
2024-11-08 16:06:18 INFO  SearchTest:83 - ** Navigating To Search Page **
2024-11-08 16:06:19 INFO  SearchTest:85 - ** Select Sortby Value **
2024-11-08 16:06:20 INFO  SearchTest:87 - ** Verify Sortby Value Selected **
2024-11-08 16:06:20 INFO  SearchTest:90 - ** Select Show Dropdown Value **
2024-11-08 16:06:21 INFO  SearchTest:94 - ** Verify Show Dropdown Value **
2024-11-08 16:06:21 INFO  SearchTest:97 - ** Completed Execution Of Search With Filter Test **
2024-11-08 16:06:29 INFO  InvalidString_SearchTest:49 - ** Starting Execution of Search with Empty String Test **
2024-11-08 16:06:29 INFO  InvalidString_SearchTest:54 - ** From The Home Page **
2024-11-08 16:06:29 INFO  InvalidString_SearchTest:56 - ** Enter Search text **
2024-11-08 16:06:29 INFO  InvalidString_SearchTest:58 - ** Click on Search icon **
2024-11-08 16:06:30 INFO  InvalidString_SearchTest:61 - ** Navigating to Search Page **
2024-11-08 16:06:30 INFO  InvalidString_SearchTest:64 - ** Verify Search value displayed **
2024-11-08 16:06:30 INFO  InvalidString_SearchTest:69 - ** Verify Search value results  with Empty Search String **
2024-11-08 16:06:30 INFO  InvalidString_SearchTest:72 - ** Verify Text - No Product Match is displayed **
2024-11-08 16:06:30 INFO  InvalidString_SearchTest:75 - ** Completed Execution of Search with Empty String Test**
2024-11-08 16:06:30 INFO  InvalidString_SearchTest:18 - ** Starting Execution of Search with Invalid String Test **
2024-11-08 16:06:30 INFO  InvalidString_SearchTest:23 - ** From The Home Page **
2024-11-08 16:06:31 INFO  InvalidString_SearchTest:25 - ** Enter Search text **
2024-11-08 16:06:31 INFO  InvalidString_SearchTest:27 - ** Click on Search icon **
2024-11-08 16:06:32 INFO  InvalidString_SearchTest:30 - ** Navigating to Search Page **
2024-11-08 16:06:32 INFO  InvalidString_SearchTest:33 - ** Verify Search value displayed **
2024-11-08 16:06:32 INFO  InvalidString_SearchTest:37 - ** Verify Search value results  with Invalid Search String **
2024-11-08 16:06:32 INFO  InvalidString_SearchTest:40 - ** Verify Text - No Product Match is displayed **
2024-11-08 16:06:32 INFO  InvalidString_SearchTest:43 - ** Completed Execution of Search with Invalid String Test**
2024-11-08 16:37:18 INFO  AccountRegistrationTest:15 - ** Starting Exection of AccountRegistration Test **
2024-11-08 16:37:19 INFO  AccountRegistrationTest:20 - ** Navigating to Account Registration Page **
2024-11-08 16:37:20 INFO  AccountRegistrationTest:24 - ** Providing Customer Details **
2024-11-08 16:37:20 INFO  AccountRegistrationTest:29 - ** Password Setup **
2024-11-08 16:37:22 INFO  AccountRegistrationTest:36 - ** Account Registration Complete **
2024-11-08 16:37:22 INFO  AccountRegistrationTest:37 - ** Registration Confirmation Message Check **
2024-11-08 16:37:22 INFO  AccountRegistrationTest:40 - ** After Registration continue to Login Page **
2024-11-08 16:37:22 INFO  AccountRegistrationTest:56 - ** Completed Execution of AccountRegistration Test **
2024-11-08 16:37:28 INFO  LoginTest:16 - ** Starting Execution of Login Test **
2024-11-08 16:37:28 INFO  LoginTest:20 - ** Navigating to Login Page **
2024-11-08 16:37:28 INFO  LoginTest:24 - ** Provide Login Details **
2024-11-08 16:37:30 INFO  LoginTest:30 - ** Verifying Login Success **
2024-11-08 16:37:30 INFO  LoginTest:48 - ** Completed Execution of Login Test **
2024-11-08 16:37:35 INFO  AccountPg_HeaderAndLink_TxtTest:17 - ** Login to Web Application **
2024-11-08 16:37:36 INFO  AccountPg_HeaderAndLink_TxtTest:26 - ** Provide Login Details **
2024-11-08 16:37:37 INFO  AccountPg_HeaderAndLink_TxtTest:35 - ** Verifying Login Success **
2024-11-08 16:37:37 INFO  AccountPg_HeaderAndLink_TxtTest:54 - ** Login successful **
2024-11-08 16:37:37 INFO  AccountPg_HeaderAndLink_TxtTest:19 - ** Starting Execution of Account Page Header & Link_Text Elements Test **
2024-11-08 16:37:38 INFO  AccountPg_HeaderAndLink_TxtTest:35 - ** Verify Text-My Account Is Present **
2024-11-08 16:37:38 INFO  AccountPg_HeaderAndLink_TxtTest:37 - ** Verify Text-My Orders Is Present **
2024-11-08 16:37:38 INFO  AccountPg_HeaderAndLink_TxtTest:39 - ** Verify Text-My Affiliate Account Is Present **
2024-11-08 16:37:38 INFO  AccountPg_HeaderAndLink_TxtTest:41 - ** Verify Text-Newsletter Is Present **
2024-11-08 16:37:38 INFO  AccountPg_HeaderAndLink_TxtTest:44 - ***** Verifying Link Texts Under Header-My Account ****
2024-11-08 16:37:38 INFO  AccountPg_HeaderAndLink_TxtTest:45 - ** Verify Text-Edit your account information Is Present **
2024-11-08 16:37:38 INFO  AccountPg_HeaderAndLink_TxtTest:47 - ** Verify Text-Change your password Is Present **
2024-11-08 16:37:38 INFO  AccountPg_HeaderAndLink_TxtTest:49 - ** Verify Text-Modify your address book entries Is Present **
2024-11-08 16:37:38 INFO  AccountPg_HeaderAndLink_TxtTest:51 - ** Verify Text-Modify your wish list Is Present **
2024-11-08 16:37:38 INFO  AccountPg_HeaderAndLink_TxtTest:54 - ***** Verifying Link Texts Under Header-My Orders *****
2024-11-08 16:37:38 INFO  AccountPg_HeaderAndLink_TxtTest:55 - ** Verify Text-View your order history Is Present **
2024-11-08 16:37:38 INFO  AccountPg_HeaderAndLink_TxtTest:57 - ** Verify Text-Downloads Is Present **
2024-11-08 16:37:38 INFO  AccountPg_HeaderAndLink_TxtTest:59 - ** Verify Text-Your Reward Points Is Present **
2024-11-08 16:37:38 INFO  AccountPg_HeaderAndLink_TxtTest:61 - ** Verify Text-View your return requests Is Present **
2024-11-08 16:37:38 INFO  AccountPg_HeaderAndLink_TxtTest:63 - ** Verify Text-Your Transactions Is Present **
2024-11-08 16:37:38 INFO  AccountPg_HeaderAndLink_TxtTest:65 - ** Verify Text-Recurring payments Is Present **
2024-11-08 16:37:38 INFO  AccountPg_HeaderAndLink_TxtTest:68 - ***** Verifying Link Texts Under Header-My Affiliate Account *****
2024-11-08 16:37:38 INFO  AccountPg_HeaderAndLink_TxtTest:69 - ** Verify Text-Register for an affiliate account Is Present **
2024-11-08 16:37:38 INFO  AccountPg_HeaderAndLink_TxtTest:72 - ****** Verifying Link Texts Under Header-Newsletter ******
2024-11-08 16:37:38 INFO  AccountPg_HeaderAndLink_TxtTest:73 - ** Verify Text-Subscribe/Unsubscribe to newsletter Is Present **
2024-11-08 16:37:38 INFO  AccountPg_HeaderAndLink_TxtTest:77 - ** Completed Execution of Account Page Header & Link_Text Elements Test **
2024-11-08 16:37:43 INFO  SearchTest:17 - ** Starting Execution Of Search Test **
2024-11-08 16:37:43 INFO  SearchTest:22 - ** From The Home Page **
2024-11-08 16:37:44 INFO  SearchTest:24 - ** Enter Search Text **
2024-11-08 16:37:44 INFO  SearchTest:26 - ** Click On Search Icon **
2024-11-08 16:37:44 INFO  SearchTest:29 - ** Navigating To Search Page **
2024-11-08 16:37:45 INFO  SearchTest:32 - ** Verify Search Value Displayed **
2024-11-08 16:37:45 INFO  SearchTest:34 - ** Verify Search Value Results **
2024-11-08 16:37:45 INFO  SearchTest:36 - ** Verify Products meeting the search criteria are displayed **
2024-11-08 16:37:45 INFO  SearchTest:38 - ** Verify Navigation to Product Page **
2024-11-08 16:37:47 INFO  SearchTest:41 - ** Completed Execution of Search Test**
2024-11-08 16:37:47 INFO  SearchTest:47 - ** Starting Execution Of Search_ChangeCategory Test **
2024-11-08 16:37:47 INFO  SearchTest:52 - ** Enter Search Text **
2024-11-08 16:37:47 INFO  SearchTest:54 - ** Click On Search Icon **
2024-11-08 16:37:48 INFO  SearchTest:57 - ** Navigating To Search Page **
2024-11-08 16:37:48 INFO  SearchTest:62 - ** Select Category **
2024-11-08 16:37:49 INFO  SearchTest:69 - ** Verify Products meeting the search criteria are displayed **
2024-11-08 16:37:49 INFO  SearchTest:74 - ** Completed Execution Of Search_ChangeCategory Test **
2024-11-08 16:37:49 INFO  SearchTest:81 - ** Starting Execution Of Search With Filter Test **
2024-11-08 16:37:49 INFO  SearchTest:83 - ** Navigating To Search Page **
2024-11-08 16:37:49 INFO  SearchTest:85 - ** Select Sortby Value **
2024-11-08 16:37:49 INFO  SearchTest:87 - ** Verify Sortby Value Selected **
2024-11-08 16:37:50 INFO  SearchTest:90 - ** Select Show Dropdown Value **
2024-11-08 16:37:50 INFO  SearchTest:94 - ** Verify Show Dropdown Value **
2024-11-08 16:37:50 INFO  SearchTest:97 - ** Completed Execution Of Search With Filter Test **
2024-11-08 16:37:55 INFO  InvalidString_SearchTest:49 - ** Starting Execution of Search with Empty String Test **
2024-11-08 16:37:55 INFO  InvalidString_SearchTest:54 - ** From The Home Page **
2024-11-08 16:37:56 INFO  InvalidString_SearchTest:56 - ** Enter Search text **
2024-11-08 16:37:56 INFO  InvalidString_SearchTest:58 - ** Click on Search icon **
2024-11-08 16:37:56 INFO  InvalidString_SearchTest:61 - ** Navigating to Search Page **
2024-11-08 16:37:56 INFO  InvalidString_SearchTest:64 - ** Verify Search value displayed **
2024-11-08 16:37:56 INFO  InvalidString_SearchTest:69 - ** Verify Search value results  with Empty Search String **
2024-11-08 16:37:56 INFO  InvalidString_SearchTest:72 - ** Verify Text - No Product Match is displayed **
2024-11-08 16:37:56 INFO  InvalidString_SearchTest:75 - ** Completed Execution of Search with Empty String Test**
2024-11-08 16:37:56 INFO  InvalidString_SearchTest:18 - ** Starting Execution of Search with Invalid String Test **
2024-11-08 16:37:56 INFO  InvalidString_SearchTest:23 - ** From The Home Page **
2024-11-08 16:37:56 INFO  InvalidString_SearchTest:25 - ** Enter Search text **
2024-11-08 16:37:57 INFO  InvalidString_SearchTest:27 - ** Click on Search icon **
2024-11-08 16:37:57 INFO  InvalidString_SearchTest:30 - ** Navigating to Search Page **
2024-11-08 16:37:57 INFO  InvalidString_SearchTest:33 - ** Verify Search value displayed **
2024-11-08 16:37:57 INFO  InvalidString_SearchTest:37 - ** Verify Search value results  with Invalid Search String **
2024-11-08 16:37:57 INFO  InvalidString_SearchTest:40 - ** Verify Text - No Product Match is displayed **
2024-11-08 16:37:57 INFO  InvalidString_SearchTest:43 - ** Completed Execution of Search with Invalid String Test**
2024-11-08 16:42:01 INFO  AccountRegistrationTest:15 - ** Starting Exection of AccountRegistration Test **
2024-11-08 16:42:01 INFO  AccountRegistrationTest:20 - ** Navigating to Account Registration Page **
2024-11-08 16:42:02 INFO  AccountRegistrationTest:24 - ** Providing Customer Details **
2024-11-08 16:42:02 INFO  AccountRegistrationTest:29 - ** Password Setup **
2024-11-08 16:42:04 INFO  AccountRegistrationTest:36 - ** Account Registration Complete **
2024-11-08 16:42:04 INFO  AccountRegistrationTest:37 - ** Registration Confirmation Message Check **
2024-11-08 16:42:05 INFO  AccountRegistrationTest:40 - ** After Registration continue to Login Page **
2024-11-08 16:42:05 INFO  AccountRegistrationTest:56 - ** Completed Execution of AccountRegistration Test **
2024-11-08 16:42:10 INFO  LoginTest:16 - ** Starting Execution of Login Test **
2024-11-08 16:42:10 INFO  LoginTest:20 - ** Navigating to Login Page **
2024-11-08 16:42:11 INFO  LoginTest:24 - ** Provide Login Details **
2024-11-08 16:42:12 INFO  LoginTest:30 - ** Verifying Login Success **
2024-11-08 16:42:12 INFO  LoginTest:48 - ** Completed Execution of Login Test **
2024-11-08 16:42:17 INFO  AccountPg_HeaderAndLink_TxtTest:17 - ** Login to Web Application **
2024-11-08 16:42:18 INFO  AccountPg_HeaderAndLink_TxtTest:26 - ** Provide Login Details **
2024-11-08 16:42:20 INFO  AccountPg_HeaderAndLink_TxtTest:35 - ** Verifying Login Success **
2024-11-08 16:42:20 INFO  AccountPg_HeaderAndLink_TxtTest:54 - ** Login successful **
2024-11-08 16:42:20 INFO  AccountPg_HeaderAndLink_TxtTest:19 - ** Starting Execution of Account Page Header & Link_Text Elements Test **
2024-11-08 16:42:20 INFO  AccountPg_HeaderAndLink_TxtTest:35 - ** Verify Text-My Account Is Present **
2024-11-08 16:42:20 INFO  AccountPg_HeaderAndLink_TxtTest:37 - ** Verify Text-My Orders Is Present **
2024-11-08 16:42:20 INFO  AccountPg_HeaderAndLink_TxtTest:39 - ** Verify Text-My Affiliate Account Is Present **
2024-11-08 16:42:20 INFO  AccountPg_HeaderAndLink_TxtTest:41 - ** Verify Text-Newsletter Is Present **
2024-11-08 16:42:20 INFO  AccountPg_HeaderAndLink_TxtTest:44 - ***** Verifying Link Texts Under Header-My Account ****
2024-11-08 16:42:20 INFO  AccountPg_HeaderAndLink_TxtTest:45 - ** Verify Text-Edit your account information Is Present **
2024-11-08 16:42:20 INFO  AccountPg_HeaderAndLink_TxtTest:47 - ** Verify Text-Change your password Is Present **
2024-11-08 16:42:20 INFO  AccountPg_HeaderAndLink_TxtTest:49 - ** Verify Text-Modify your address book entries Is Present **
2024-11-08 16:42:20 INFO  AccountPg_HeaderAndLink_TxtTest:51 - ** Verify Text-Modify your wish list Is Present **
2024-11-08 16:42:20 INFO  AccountPg_HeaderAndLink_TxtTest:54 - ***** Verifying Link Texts Under Header-My Orders *****
2024-11-08 16:42:20 INFO  AccountPg_HeaderAndLink_TxtTest:55 - ** Verify Text-View your order history Is Present **
2024-11-08 16:42:20 INFO  AccountPg_HeaderAndLink_TxtTest:57 - ** Verify Text-Downloads Is Present **
2024-11-08 16:42:20 INFO  AccountPg_HeaderAndLink_TxtTest:59 - ** Verify Text-Your Reward Points Is Present **
2024-11-08 16:42:20 INFO  AccountPg_HeaderAndLink_TxtTest:61 - ** Verify Text-View your return requests Is Present **
2024-11-08 16:42:20 INFO  AccountPg_HeaderAndLink_TxtTest:63 - ** Verify Text-Your Transactions Is Present **
2024-11-08 16:42:20 INFO  AccountPg_HeaderAndLink_TxtTest:65 - ** Verify Text-Recurring payments Is Present **
2024-11-08 16:42:20 INFO  AccountPg_HeaderAndLink_TxtTest:68 - ***** Verifying Link Texts Under Header-My Affiliate Account *****
2024-11-08 16:42:20 INFO  AccountPg_HeaderAndLink_TxtTest:69 - ** Verify Text-Register for an affiliate account Is Present **
2024-11-08 16:42:20 INFO  AccountPg_HeaderAndLink_TxtTest:72 - ****** Verifying Link Texts Under Header-Newsletter ******
2024-11-08 16:42:20 INFO  AccountPg_HeaderAndLink_TxtTest:73 - ** Verify Text-Subscribe/Unsubscribe to newsletter Is Present **
2024-11-08 16:42:20 INFO  AccountPg_HeaderAndLink_TxtTest:77 - ** Completed Execution of Account Page Header & Link_Text Elements Test **
2024-11-08 16:42:25 INFO  SearchTest:17 - ** Starting Execution Of Search Test **
2024-11-08 16:42:25 INFO  SearchTest:22 - ** From The Home Page **
2024-11-08 16:42:26 INFO  SearchTest:24 - ** Enter Search Text **
2024-11-08 16:42:26 INFO  SearchTest:26 - ** Click On Search Icon **
2024-11-08 16:42:26 INFO  SearchTest:29 - ** Navigating To Search Page **
2024-11-08 16:42:27 INFO  SearchTest:32 - ** Verify Search Value Displayed **
2024-11-08 16:42:27 INFO  SearchTest:34 - ** Verify Search Value Results **
2024-11-08 16:42:27 INFO  SearchTest:36 - ** Verify Products meeting the search criteria are displayed **
2024-11-08 16:42:27 INFO  SearchTest:38 - ** Verify Navigation to Product Page **
2024-11-08 16:42:28 INFO  SearchTest:41 - ** Completed Execution of Search Test**
2024-11-08 16:42:28 INFO  SearchTest:47 - ** Starting Execution Of Search_ChangeCategory Test **
2024-11-08 16:42:28 INFO  SearchTest:52 - ** Enter Search Text **
2024-11-08 16:42:29 INFO  SearchTest:54 - ** Click On Search Icon **
2024-11-08 16:42:29 INFO  SearchTest:57 - ** Navigating To Search Page **
2024-11-08 16:42:29 INFO  SearchTest:62 - ** Select Category **
2024-11-08 16:42:30 INFO  SearchTest:69 - ** Verify Products meeting the search criteria are displayed **
2024-11-08 16:42:30 INFO  SearchTest:74 - ** Completed Execution Of Search_ChangeCategory Test **
2024-11-08 16:42:30 INFO  SearchTest:81 - ** Starting Execution Of Search With Filter Test **
2024-11-08 16:42:30 INFO  SearchTest:83 - ** Navigating To Search Page **
2024-11-08 16:42:31 INFO  SearchTest:85 - ** Select Sortby Value **
2024-11-08 16:42:31 INFO  SearchTest:87 - ** Verify Sortby Value Selected **
2024-11-08 16:42:31 INFO  SearchTest:90 - ** Select Show Dropdown Value **
2024-11-08 16:42:32 INFO  SearchTest:94 - ** Verify Show Dropdown Value **
2024-11-08 16:42:32 INFO  SearchTest:97 - ** Completed Execution Of Search With Filter Test **
2024-11-08 16:42:37 INFO  InvalidString_SearchTest:49 - ** Starting Execution of Search with Empty String Test **
2024-11-08 16:42:37 INFO  InvalidString_SearchTest:54 - ** From The Home Page **
2024-11-08 16:42:37 INFO  InvalidString_SearchTest:56 - ** Enter Search text **
2024-11-08 16:42:38 INFO  InvalidString_SearchTest:58 - ** Click on Search icon **
2024-11-08 16:42:38 INFO  InvalidString_SearchTest:61 - ** Navigating to Search Page **
2024-11-08 16:42:38 INFO  InvalidString_SearchTest:64 - ** Verify Search value displayed **
2024-11-08 16:42:38 INFO  InvalidString_SearchTest:69 - ** Verify Search value results  with Empty Search String **
2024-11-08 16:42:38 INFO  InvalidString_SearchTest:72 - ** Verify Text - No Product Match is displayed **
2024-11-08 16:42:38 INFO  InvalidString_SearchTest:75 - ** Completed Execution of Search with Empty String Test**
2024-11-08 16:42:38 INFO  InvalidString_SearchTest:18 - ** Starting Execution of Search with Invalid String Test **
2024-11-08 16:42:38 INFO  InvalidString_SearchTest:23 - ** From The Home Page **
2024-11-08 16:42:38 INFO  InvalidString_SearchTest:25 - ** Enter Search text **
2024-11-08 16:42:39 INFO  InvalidString_SearchTest:27 - ** Click on Search icon **
2024-11-08 16:42:39 INFO  InvalidString_SearchTest:30 - ** Navigating to Search Page **
2024-11-08 16:42:40 INFO  InvalidString_SearchTest:33 - ** Verify Search value displayed **
2024-11-08 16:42:40 INFO  InvalidString_SearchTest:37 - ** Verify Search value results  with Invalid Search String **
2024-11-08 16:42:40 INFO  InvalidString_SearchTest:40 - ** Verify Text - No Product Match is displayed **
2024-11-08 16:42:40 INFO  InvalidString_SearchTest:43 - ** Completed Execution of Search with Invalid String Test**
